{"$message_type":"diagnostic","message":"method `write_string` is not a member of trait `serde_json::ser::Formatter`","code":{"code":"E0407","explanation":"A definition of a method not in the implemented trait was given in a trait\nimplementation.\n\nErroneous code example:\n\n```compile_fail,E0407\ntrait Foo {\n    fn a();\n}\n\nstruct Bar;\n\nimpl Foo for Bar {\n    fn a() {}\n    fn b() {} // error: method `b` is not a member of trait `Foo`\n}\n```\n\nPlease verify you didn't misspell the method name and you used the correct\ntrait. First example:\n\n```\ntrait Foo {\n    fn a();\n    fn b();\n}\n\nstruct Bar;\n\nimpl Foo for Bar {\n    fn a() {}\n    fn b() {} // ok!\n}\n```\n\nSecond example:\n\n```\ntrait Foo {\n    fn a();\n}\n\nstruct Bar;\n\nimpl Foo for Bar {\n    fn a() {}\n}\n\nimpl Bar {\n    fn b() {}\n}\n```\n"},"level":"error","spans":[{"file_name":"src/serialization/mod.rs","byte_start":6428,"byte_end":6738,"line_start":214,"line_end":221,"column_start":5,"column_end":6,"is_primary":true,"text":[{"text":"    fn write_string<W>(&mut self, writer: &mut W, value: &str) -> std::io::Result<()>","highlight_start":5,"highlight_end":86},{"text":"    where","highlight_start":1,"highlight_end":10},{"text":"        W: std::io::Write,","highlight_start":1,"highlight_end":27},{"text":"    {","highlight_start":1,"highlight_end":6},{"text":"        let escaped = serde_json::to_string(value)","highlight_start":1,"highlight_end":51},{"text":"            .map_err(|e| std::io::Error::new(std::io::ErrorKind::InvalidData, e))?;","highlight_start":1,"highlight_end":84},{"text":"        writer.write_all(escaped.as_bytes())","highlight_start":1,"highlight_end":45},{"text":"    }","highlight_start":1,"highlight_end":6}],"label":"not a member of trait `serde_json::ser::Formatter`","suggested_replacement":null,"suggestion_applicability":null,"expansion":null}],"children":[],"rendered":"\u001b[1m\u001b[91merror[E0407]\u001b[0m\u001b[1m: method `write_string` is not a member of trait `serde_json::ser::Formatter`\u001b[0m\n   \u001b[1m\u001b[94m--> \u001b[0msrc/serialization/mod.rs:214:5\n    \u001b[1m\u001b[94m|\u001b[0m\n\u001b[1m\u001b[94m214\u001b[0m \u001b[1m\u001b[94m|\u001b[0m \u001b[1m\u001b[91m/\u001b[0m     fn write_string<W>(&mut self, writer: &mut W, value: &str) -> std\u001b[1m\u001b[94m...\u001b[0m\n\u001b[1m\u001b[94m215\u001b[0m \u001b[1m\u001b[94m|\u001b[0m \u001b[1m\u001b[91m|\u001b[0m     where\n\u001b[1m\u001b[94m216\u001b[0m \u001b[1m\u001b[94m|\u001b[0m \u001b[1m\u001b[91m|\u001b[0m         W: std::io::Write,\n\u001b[1m\u001b[94m...\u001b[0m   \u001b[1m\u001b[91m|\u001b[0m\n\u001b[1m\u001b[94m220\u001b[0m \u001b[1m\u001b[94m|\u001b[0m \u001b[1m\u001b[91m|\u001b[0m         writer.write_all(escaped.as_bytes())\n\u001b[1m\u001b[94m221\u001b[0m \u001b[1m\u001b[94m|\u001b[0m \u001b[1m\u001b[91m|\u001b[0m     }\n    \u001b[1m\u001b[94m|\u001b[0m \u001b[1m\u001b[91m|_____^\u001b[0m \u001b[1m\u001b[91mnot a member of trait `serde_json::ser::Formatter`\u001b[0m\n\n"}
{"$message_type":"diagnostic","message":"method `write_array_value` is not a member of trait `serde_json::ser::Formatter`","code":{"code":"E0407","explanation":"A definition of a method not in the implemented trait was given in a trait\nimplementation.\n\nErroneous code example:\n\n```compile_fail,E0407\ntrait Foo {\n    fn a();\n}\n\nstruct Bar;\n\nimpl Foo for Bar {\n    fn a() {}\n    fn b() {} // error: method `b` is not a member of trait `Foo`\n}\n```\n\nPlease verify you didn't misspell the method name and you used the correct\ntrait. First example:\n\n```\ntrait Foo {\n    fn a();\n    fn b();\n}\n\nstruct Bar;\n\nimpl Foo for Bar {\n    fn a() {}\n    fn b() {} // ok!\n}\n```\n\nSecond example:\n\n```\ntrait Foo {\n    fn a();\n}\n\nstruct Bar;\n\nimpl Foo for Bar {\n    fn a() {}\n}\n\nimpl Bar {\n    fn b() {}\n}\n```\n"},"level":"error","spans":[{"file_name":"src/serialization/mod.rs","byte_start":7337,"byte_end":7572,"line_start":248,"line_end":257,"column_start":5,"column_end":6,"is_primary":true,"text":[{"text":"    fn write_array_value<W>(&mut self, writer: &mut W, first: bool) -> std::io::Result<()>","highlight_start":5,"highlight_end":91},{"text":"    where","highlight_start":1,"highlight_end":10},{"text":"        W: std::io::Write,","highlight_start":1,"highlight_end":27},{"text":"    {","highlight_start":1,"highlight_end":6},{"text":"        if first {","highlight_start":1,"highlight_end":19},{"text":"            Ok(())","highlight_start":1,"highlight_end":19},{"text":"        } else {","highlight_start":1,"highlight_end":17},{"text":"            writer.write_all(b\",\")","highlight_start":1,"highlight_end":35},{"text":"        }","highlight_start":1,"highlight_end":10},{"text":"    }","highlight_start":1,"highlight_end":6}],"label":"not a member of trait `serde_json::ser::Formatter`","suggested_replacement":null,"suggestion_applicability":null,"expansion":null}],"children":[{"message":"there is an associated function with a similar name","code":null,"level":"help","spans":[{"file_name":"src/serialization/mod.rs","byte_start":7340,"byte_end":7357,"line_start":248,"line_end":248,"column_start":8,"column_end":25,"is_primary":true,"text":[{"text":"    fn write_array_value<W>(&mut self, writer: &mut W, first: bool) -> std::io::Result<()>","highlight_start":8,"highlight_end":25}],"label":null,"suggested_replacement":"begin_array_value","suggestion_applicability":"MaybeIncorrect","expansion":null}],"children":[],"rendered":null}],"rendered":"\u001b[1m\u001b[91merror[E0407]\u001b[0m\u001b[1m: method `write_array_value` is not a member of trait `serde_json::ser::Formatter`\u001b[0m\n   \u001b[1m\u001b[94m--> \u001b[0msrc/serialization/mod.rs:248:5\n    \u001b[1m\u001b[94m|\u001b[0m\n\u001b[1m\u001b[94m248\u001b[0m \u001b[1m\u001b[94m|\u001b[0m       fn write_array_value<W>(&mut self, writer: &mut W, first: bool) -\u001b[1m\u001b[94m...\u001b[0m\n    \u001b[1m\u001b[94m|\u001b[0m       \u001b[1m\u001b[91m^\u001b[0m  \u001b[1m\u001b[94m-----------------\u001b[0m \u001b[1m\u001b[94mhelp: there is an associated function with a similar name: `begin_array_value`\u001b[0m\n    \u001b[1m\u001b[94m|\u001b[0m \u001b[1m\u001b[91m _____|\u001b[0m\n    \u001b[1m\u001b[94m|\u001b[0m \u001b[1m\u001b[91m|\u001b[0m\n\u001b[1m\u001b[94m249\u001b[0m \u001b[1m\u001b[94m|\u001b[0m \u001b[1m\u001b[91m|\u001b[0m     where\n\u001b[1m\u001b[94m250\u001b[0m \u001b[1m\u001b[94m|\u001b[0m \u001b[1m\u001b[91m|\u001b[0m         W: std::io::Write,\n\u001b[1m\u001b[94m...\u001b[0m   \u001b[1m\u001b[91m|\u001b[0m\n\u001b[1m\u001b[94m257\u001b[0m \u001b[1m\u001b[94m|\u001b[0m \u001b[1m\u001b[91m|\u001b[0m     }\n    \u001b[1m\u001b[94m|\u001b[0m \u001b[1m\u001b[91m|_____^\u001b[0m \u001b[1m\u001b[91mnot a member of trait `serde_json::ser::Formatter`\u001b[0m\n\n"}
{"$message_type":"diagnostic","message":"method `write_object_key` is not a member of trait `serde_json::ser::Formatter`","code":{"code":"E0407","explanation":"A definition of a method not in the implemented trait was given in a trait\nimplementation.\n\nErroneous code example:\n\n```compile_fail,E0407\ntrait Foo {\n    fn a();\n}\n\nstruct Bar;\n\nimpl Foo for Bar {\n    fn a() {}\n    fn b() {} // error: method `b` is not a member of trait `Foo`\n}\n```\n\nPlease verify you didn't misspell the method name and you used the correct\ntrait. First example:\n\n```\ntrait Foo {\n    fn a();\n    fn b();\n}\n\nstruct Bar;\n\nimpl Foo for Bar {\n    fn a() {}\n    fn b() {} // ok!\n}\n```\n\nSecond example:\n\n```\ntrait Foo {\n    fn a();\n}\n\nstruct Bar;\n\nimpl Foo for Bar {\n    fn a() {}\n}\n\nimpl Bar {\n    fn b() {}\n}\n```\n"},"level":"error","spans":[{"file_name":"src/serialization/mod.rs","byte_start":7592,"byte_end":7826,"line_start":260,"line_end":269,"column_start":5,"column_end":6,"is_primary":true,"text":[{"text":"    fn write_object_key<W>(&mut self, writer: &mut W, first: bool) -> std::io::Result<()>","highlight_start":5,"highlight_end":90},{"text":"    where","highlight_start":1,"highlight_end":10},{"text":"        W: std::io::Write,","highlight_start":1,"highlight_end":27},{"text":"    {","highlight_start":1,"highlight_end":6},{"text":"        if first {","highlight_start":1,"highlight_end":19},{"text":"            Ok(())","highlight_start":1,"highlight_end":19},{"text":"        } else {","highlight_start":1,"highlight_end":17},{"text":"            writer.write_all(b\",\")","highlight_start":1,"highlight_end":35},{"text":"        }","highlight_start":1,"highlight_end":10},{"text":"    }","highlight_start":1,"highlight_end":6}],"label":"not a member of trait `serde_json::ser::Formatter`","suggested_replacement":null,"suggestion_applicability":null,"expansion":null}],"children":[{"message":"there is an associated function with a similar name","code":null,"level":"help","spans":[{"file_name":"src/serialization/mod.rs","byte_start":7595,"byte_end":7611,"line_start":260,"line_end":260,"column_start":8,"column_end":24,"is_primary":true,"text":[{"text":"    fn write_object_key<W>(&mut self, writer: &mut W, first: bool) -> std::io::Result<()>","highlight_start":8,"highlight_end":24}],"label":null,"suggested_replacement":"begin_object_key","suggestion_applicability":"MaybeIncorrect","expansion":null}],"children":[],"rendered":null}],"rendered":"\u001b[1m\u001b[91merror[E0407]\u001b[0m\u001b[1m: method `write_object_key` is not a member of trait `serde_json::ser::Formatter`\u001b[0m\n   \u001b[1m\u001b[94m--> \u001b[0msrc/serialization/mod.rs:260:5\n    \u001b[1m\u001b[94m|\u001b[0m\n\u001b[1m\u001b[94m260\u001b[0m \u001b[1m\u001b[94m|\u001b[0m       fn write_object_key<W>(&mut self, writer: &mut W, first: bool) ->\u001b[1m\u001b[94m...\u001b[0m\n    \u001b[1m\u001b[94m|\u001b[0m       \u001b[1m\u001b[91m^\u001b[0m  \u001b[1m\u001b[94m----------------\u001b[0m \u001b[1m\u001b[94mhelp: there is an associated function with a similar name: `begin_object_key`\u001b[0m\n    \u001b[1m\u001b[94m|\u001b[0m \u001b[1m\u001b[91m _____|\u001b[0m\n    \u001b[1m\u001b[94m|\u001b[0m \u001b[1m\u001b[91m|\u001b[0m\n\u001b[1m\u001b[94m261\u001b[0m \u001b[1m\u001b[94m|\u001b[0m \u001b[1m\u001b[91m|\u001b[0m     where\n\u001b[1m\u001b[94m262\u001b[0m \u001b[1m\u001b[94m|\u001b[0m \u001b[1m\u001b[91m|\u001b[0m         W: std::io::Write,\n\u001b[1m\u001b[94m...\u001b[0m   \u001b[1m\u001b[91m|\u001b[0m\n\u001b[1m\u001b[94m269\u001b[0m \u001b[1m\u001b[94m|\u001b[0m \u001b[1m\u001b[91m|\u001b[0m     }\n    \u001b[1m\u001b[94m|\u001b[0m \u001b[1m\u001b[91m|_____^\u001b[0m \u001b[1m\u001b[91mnot a member of trait `serde_json::ser::Formatter`\u001b[0m\n\n"}
{"$message_type":"diagnostic","message":"failed to resolve: could not find `Content` in `de`","code":{"code":"E0433","explanation":"An undeclared crate, module, or type was used.\n\nErroneous code example:\n\n```compile_fail,E0433\nlet map = HashMap::new();\n// error: failed to resolve: use of undeclared type `HashMap`\n```\n\nPlease verify you didn't misspell the type/module's name or that you didn't\nforget to import it:\n\n```\nuse std::collections::HashMap; // HashMap has been imported.\nlet map: HashMap<u32, u32> = HashMap::new(); // So it can be used!\n```\n\nIf you've expected to use a crate name:\n\n```compile_fail\nuse ferris_wheel::BigO;\n// error: failed to resolve: use of undeclared module or unlinked crate\n```\n\nMake sure the crate has been added as a dependency in `Cargo.toml`.\n\nTo use a module from your current crate, add the `crate::` prefix to the path.\n"},"level":"error","spans":[{"file_name":"src/version/mod.rs","byte_start":507,"byte_end":525,"line_start":15,"line_end":15,"column_start":28,"column_end":46,"is_primary":true,"text":[{"text":"#[derive(serde::Serialize, serde::Deserialize)]","highlight_start":28,"highlight_end":46}],"label":"could not find `Content` in `de`","suggested_replacement":null,"suggestion_applicability":null,"expansion":{"span":{"file_name":"src/version/mod.rs","byte_start":507,"byte_end":525,"line_start":15,"line_end":15,"column_start":28,"column_end":46,"is_primary":false,"text":[{"text":"#[derive(serde::Serialize, serde::Deserialize)]","highlight_start":28,"highlight_end":46}],"label":null,"suggested_replacement":null,"suggestion_applicability":null,"expansion":null},"macro_decl_name":"#[derive(serde::Deserialize)]","def_site_span":{"file_name":"/home/engine/.cargo/registry/src/index.crates.io-1949cf8c6b5b557f/serde_derive-1.0.228/src/lib.rs","byte_start":3397,"byte_end":3457,"line_start":122,"line_end":122,"column_start":1,"column_end":61,"is_primary":false,"text":[{"text":"pub fn derive_deserialize(input: TokenStream) -> TokenStream {","highlight_start":1,"highlight_end":61}],"label":null,"suggested_replacement":null,"suggestion_applicability":null,"expansion":null}}}],"children":[{"message":"found an item that was configured out","code":null,"level":"note","spans":[{"file_name":"/home/engine/.cargo/registry/src/index.crates.io-1949cf8c6b5b557f/serde-1.0.228/src/private/de.rs","byte_start":322,"byte_end":358,"line_start":12,"line_end":12,"column_start":10,"column_end":46,"is_primary":false,"text":[{"text":"#[cfg(any(feature = \"std\", feature = \"alloc\"))]","highlight_start":10,"highlight_end":46}],"label":"the item is gated here","suggested_replacement":null,"suggestion_applicability":null,"expansion":null},{"file_name":"/home/engine/.cargo/registry/src/index.crates.io-1949cf8c6b5b557f/serde-1.0.228/src/private/de.rs","byte_start":406,"byte_end":413,"line_start":14,"line_end":14,"column_start":21,"column_end":28,"is_primary":true,"text":[{"text":"    content_as_str, Content, ContentDeserializer, ContentRefDeserializer, ContentVisitor,","highlight_start":21,"highlight_end":28}],"label":null,"suggested_replacement":null,"suggestion_applicability":null,"expansion":null}],"children":[],"rendered":null}],"rendered":"\u001b[1m\u001b[91merror[E0433]\u001b[0m\u001b[1m: failed to resolve: could not find `Content` in `de`\u001b[0m\n  \u001b[1m\u001b[94m--> \u001b[0msrc/version/mod.rs:15:28\n   \u001b[1m\u001b[94m|\u001b[0m\n\u001b[1m\u001b[94m15\u001b[0m \u001b[1m\u001b[94m|\u001b[0m #[derive(serde::Serialize, serde::Deserialize)]\n   \u001b[1m\u001b[94m|\u001b[0m                            \u001b[1m\u001b[91m^^^^^^^^^^^^^^^^^^\u001b[0m \u001b[1m\u001b[91mcould not find `Content` in `de`\u001b[0m\n   \u001b[1m\u001b[94m|\u001b[0m\n\u001b[1m\u001b[92mnote\u001b[0m: found an item that was configured out\n  \u001b[1m\u001b[94m--> \u001b[0m/home/engine/.cargo/registry/src/index.crates.io-1949cf8c6b5b557f/serde-1.0.228/src/private/de.rs:14:21\n   \u001b[1m\u001b[94m|\u001b[0m\n\u001b[1m\u001b[94m12\u001b[0m \u001b[1m\u001b[94m|\u001b[0m #[cfg(any(feature = \"std\", feature = \"alloc\"))]\n   \u001b[1m\u001b[94m|\u001b[0m          \u001b[1m\u001b[94m------------------------------------\u001b[0m \u001b[1m\u001b[94mthe item is gated here\u001b[0m\n\u001b[1m\u001b[94m13\u001b[0m \u001b[1m\u001b[94m|\u001b[0m pub use self::content::{\n\u001b[1m\u001b[94m14\u001b[0m \u001b[1m\u001b[94m|\u001b[0m     content_as_str, Content, ContentDeserializer, ContentRefDeserializer\u001b[1m\u001b[94m...\u001b[0m\n   \u001b[1m\u001b[94m|\u001b[0m                     \u001b[1m\u001b[92m^^^^^^^\u001b[0m\n   \u001b[1m\u001b[94m= \u001b[0m\u001b[1mnote\u001b[0m: this error originates in the derive macro `serde::Deserialize` (in Nightly builds, run with -Z macro-backtrace for more info)\n\n"}
{"$message_type":"diagnostic","message":"failed to resolve: could not find `ContentVisitor` in `de`","code":{"code":"E0433","explanation":"An undeclared crate, module, or type was used.\n\nErroneous code example:\n\n```compile_fail,E0433\nlet map = HashMap::new();\n// error: failed to resolve: use of undeclared type `HashMap`\n```\n\nPlease verify you didn't misspell the type/module's name or that you didn't\nforget to import it:\n\n```\nuse std::collections::HashMap; // HashMap has been imported.\nlet map: HashMap<u32, u32> = HashMap::new(); // So it can be used!\n```\n\nIf you've expected to use a crate name:\n\n```compile_fail\nuse ferris_wheel::BigO;\n// error: failed to resolve: use of undeclared module or unlinked crate\n```\n\nMake sure the crate has been added as a dependency in `Cargo.toml`.\n\nTo use a module from your current crate, add the `crate::` prefix to the path.\n"},"level":"error","spans":[{"file_name":"src/version/mod.rs","byte_start":507,"byte_end":525,"line_start":15,"line_end":15,"column_start":28,"column_end":46,"is_primary":true,"text":[{"text":"#[derive(serde::Serialize, serde::Deserialize)]","highlight_start":28,"highlight_end":46}],"label":"could not find `ContentVisitor` in `de`","suggested_replacement":null,"suggestion_applicability":null,"expansion":{"span":{"file_name":"src/version/mod.rs","byte_start":507,"byte_end":525,"line_start":15,"line_end":15,"column_start":28,"column_end":46,"is_primary":false,"text":[{"text":"#[derive(serde::Serialize, serde::Deserialize)]","highlight_start":28,"highlight_end":46}],"label":null,"suggested_replacement":null,"suggestion_applicability":null,"expansion":null},"macro_decl_name":"#[derive(serde::Deserialize)]","def_site_span":{"file_name":"/home/engine/.cargo/registry/src/index.crates.io-1949cf8c6b5b557f/serde_derive-1.0.228/src/lib.rs","byte_start":3397,"byte_end":3457,"line_start":122,"line_end":122,"column_start":1,"column_end":61,"is_primary":false,"text":[{"text":"pub fn derive_deserialize(input: TokenStream) -> TokenStream {","highlight_start":1,"highlight_end":61}],"label":null,"suggested_replacement":null,"suggestion_applicability":null,"expansion":null}}}],"children":[{"message":"found an item that was configured out","code":null,"level":"note","spans":[{"file_name":"/home/engine/.cargo/registry/src/index.crates.io-1949cf8c6b5b557f/serde-1.0.228/src/private/de.rs","byte_start":322,"byte_end":358,"line_start":12,"line_end":12,"column_start":10,"column_end":46,"is_primary":false,"text":[{"text":"#[cfg(any(feature = \"std\", feature = \"alloc\"))]","highlight_start":10,"highlight_end":46}],"label":"the item is gated here","suggested_replacement":null,"suggestion_applicability":null,"expansion":null},{"file_name":"/home/engine/.cargo/registry/src/index.crates.io-1949cf8c6b5b557f/serde-1.0.228/src/private/de.rs","byte_start":460,"byte_end":474,"line_start":14,"line_end":14,"column_start":75,"column_end":89,"is_primary":true,"text":[{"text":"    content_as_str, Content, ContentDeserializer, ContentRefDeserializer, ContentVisitor,","highlight_start":75,"highlight_end":89}],"label":null,"suggested_replacement":null,"suggestion_applicability":null,"expansion":null}],"children":[],"rendered":null}],"rendered":"\u001b[1m\u001b[91merror[E0433]\u001b[0m\u001b[1m: failed to resolve: could not find `ContentVisitor` in `de`\u001b[0m\n  \u001b[1m\u001b[94m--> \u001b[0msrc/version/mod.rs:15:28\n   \u001b[1m\u001b[94m|\u001b[0m\n\u001b[1m\u001b[94m15\u001b[0m \u001b[1m\u001b[94m|\u001b[0m #[derive(serde::Serialize, serde::Deserialize)]\n   \u001b[1m\u001b[94m|\u001b[0m                            \u001b[1m\u001b[91m^^^^^^^^^^^^^^^^^^\u001b[0m \u001b[1m\u001b[91mcould not find `ContentVisitor` in `de`\u001b[0m\n   \u001b[1m\u001b[94m|\u001b[0m\n\u001b[1m\u001b[92mnote\u001b[0m: found an item that was configured out\n  \u001b[1m\u001b[94m--> \u001b[0m/home/engine/.cargo/registry/src/index.crates.io-1949cf8c6b5b557f/serde-1.0.228/src/private/de.rs:14:75\n   \u001b[1m\u001b[94m|\u001b[0m\n\u001b[1m\u001b[94m12\u001b[0m \u001b[1m\u001b[94m|\u001b[0m \u001b[1m\u001b[94m...\u001b[0many(feature = \"std\", feature = \"alloc\"))]\n   \u001b[1m\u001b[94m|\u001b[0m       \u001b[1m\u001b[94m------------------------------------\u001b[0m \u001b[1m\u001b[94mthe item is gated here\u001b[0m\n\u001b[1m\u001b[94m13\u001b[0m \u001b[1m\u001b[94m|\u001b[0m \u001b[1m\u001b[94m...\u001b[0me self::content::{\n\u001b[1m\u001b[94m14\u001b[0m \u001b[1m\u001b[94m|\u001b[0m \u001b[1m\u001b[94m...\u001b[0mntent_as_str, Content, ContentDeserializer, ContentRefDeserializer, ContentVisitor,\n   \u001b[1m\u001b[94m|\u001b[0m                                                                        \u001b[1m\u001b[92m^^^^^^^^^^^^^^\u001b[0m\n   \u001b[1m\u001b[94m= \u001b[0m\u001b[1mnote\u001b[0m: this error originates in the derive macro `serde::Deserialize` (in Nightly builds, run with -Z macro-backtrace for more info)\n\n"}
{"$message_type":"diagnostic","message":"cannot find type `WrappedGameDNA` in the crate root","code":{"code":"E0412","explanation":"A used type name is not in scope.\n\nErroneous code examples:\n\n```compile_fail,E0412\nimpl Something {} // error: type name `Something` is not in scope\n\n// or:\n\ntrait Foo {\n    fn bar(N); // error: type name `N` is not in scope\n}\n\n// or:\n\nfn foo(x: T) {} // type name `T` is not in scope\n```\n\nTo fix this error, please verify you didn't misspell the type name, you did\ndeclare it or imported it into the scope. Examples:\n\n```\nstruct Something;\n\nimpl Something {} // ok!\n\n// or:\n\ntrait Foo {\n    type N;\n\n    fn bar(_: Self::N); // ok!\n}\n\n// or:\n\nfn foo<T>(x: T) {} // ok!\n```\n\nAnother case that causes this error is when a type is imported into a parent\nmodule. To fix this, you can follow the suggestion and use File directly or\n`use super::File;` which will import the types from the parent namespace. An\nexample that causes this error is below:\n\n```compile_fail,E0412\nuse std::fs::File;\n\nmod foo {\n    fn some_function(f: File) {}\n}\n```\n\n```\nuse std::fs::File;\n\nmod foo {\n    // either\n    use super::File;\n    // or\n    // use std::fs::File;\n    fn foo(f: File) {}\n}\n# fn main() {} // don't insert it for us; that'll break imports\n```\n"},"level":"error","spans":[{"file_name":"src/serialization/mod.rs","byte_start":3935,"byte_end":3949,"line_start":118,"line_end":118,"column_start":35,"column_end":49,"is_primary":true,"text":[{"text":"    serde_json::from_str::<crate::WrappedGameDNA>(json)","highlight_start":35,"highlight_end":49}],"label":"not found in the crate root","suggested_replacement":null,"suggestion_applicability":null,"expansion":null}],"children":[{"message":"consider importing this struct","code":null,"level":"help","spans":[{"file_name":"src/serialization/mod.rs","byte_start":179,"byte_end":179,"line_start":6,"line_end":6,"column_start":1,"column_end":1,"is_primary":true,"text":[{"text":"use crate::GameDNA;","highlight_start":1,"highlight_end":1}],"label":null,"suggested_replacement":"use crate::version::WrappedGameDNA;\n","suggestion_applicability":"MaybeIncorrect","expansion":null}],"children":[],"rendered":null},{"message":"if you import `WrappedGameDNA`, refer to it directly","code":null,"level":"help","spans":[{"file_name":"src/serialization/mod.rs","byte_start":3928,"byte_end":3935,"line_start":118,"line_end":118,"column_start":28,"column_end":35,"is_primary":true,"text":[{"text":"    serde_json::from_str::<crate::WrappedGameDNA>(json)","highlight_start":28,"highlight_end":35}],"label":null,"suggested_replacement":"","suggestion_applicability":"Unspecified","expansion":null}],"children":[],"rendered":null}],"rendered":"\u001b[1m\u001b[91merror[E0412]\u001b[0m\u001b[1m: cannot find type `WrappedGameDNA` in the crate root\u001b[0m\n   \u001b[1m\u001b[94m--> \u001b[0msrc/serialization/mod.rs:118:35\n    \u001b[1m\u001b[94m|\u001b[0m\n\u001b[1m\u001b[94m118\u001b[0m \u001b[1m\u001b[94m|\u001b[0m     serde_json::from_str::<crate::WrappedGameDNA>(json)\n    \u001b[1m\u001b[94m|\u001b[0m                                   \u001b[1m\u001b[91m^^^^^^^^^^^^^^\u001b[0m \u001b[1m\u001b[91mnot found in the crate root\u001b[0m\n    \u001b[1m\u001b[94m|\u001b[0m\n\u001b[1m\u001b[96mhelp\u001b[0m: consider importing this struct\n    \u001b[1m\u001b[94m|\u001b[0m\n  \u001b[1m\u001b[94m6\u001b[0m \u001b[92m+ use crate::version::WrappedGameDNA;\u001b[0m\n    \u001b[1m\u001b[94m|\u001b[0m\n\u001b[1m\u001b[96mhelp\u001b[0m: if you import `WrappedGameDNA`, refer to it directly\n    \u001b[1m\u001b[94m|\u001b[0m\n\u001b[1m\u001b[94m118\u001b[0m \u001b[91m- \u001b[0m    serde_json::from_str::<\u001b[91mcrate::\u001b[0mWrappedGameDNA>(json)\n\u001b[1m\u001b[94m118\u001b[0m \u001b[92m+ \u001b[0m    serde_json::from_str::<WrappedGameDNA>(json)\n    \u001b[1m\u001b[94m|\u001b[0m\n\n"}
{"$message_type":"diagnostic","message":"cannot find function, tuple struct or tuple variant `FlatMapSerializer` in module `_serde::__private228::ser`","code":{"code":"E0425","explanation":"An unresolved name was used.\n\nErroneous code examples:\n\n```compile_fail,E0425\nsomething_that_doesnt_exist::foo;\n// error: unresolved name `something_that_doesnt_exist::foo`\n\n// or:\n\ntrait Foo {\n    fn bar() {\n        Self; // error: unresolved name `Self`\n    }\n}\n\n// or:\n\nlet x = unknown_variable;  // error: unresolved name `unknown_variable`\n```\n\nPlease verify that the name wasn't misspelled and ensure that the\nidentifier being referred to is valid for the given situation. Example:\n\n```\nenum something_that_does_exist {\n    Foo,\n}\n```\n\nOr:\n\n```\nmod something_that_does_exist {\n    pub static foo : i32 = 0i32;\n}\n\nsomething_that_does_exist::foo; // ok!\n```\n\nOr:\n\n```\nlet unknown_variable = 12u32;\nlet x = unknown_variable; // ok!\n```\n\nIf the item is not defined in the current module, it must be imported using a\n`use` statement, like so:\n\n```\n# mod foo { pub fn bar() {} }\n# fn main() {\nuse foo::bar;\nbar();\n# }\n```\n\nIf the item you are importing is not defined in some super-module of the\ncurrent module, then it must also be declared as public (e.g., `pub fn`).\n"},"level":"error","spans":[{"file_name":"src/version/mod.rs","byte_start":489,"byte_end":505,"line_start":15,"line_end":15,"column_start":10,"column_end":26,"is_primary":true,"text":[{"text":"#[derive(serde::Serialize, serde::Deserialize)]","highlight_start":10,"highlight_end":26}],"label":"not found in `_serde::__private228::ser`","suggested_replacement":null,"suggestion_applicability":null,"expansion":{"span":{"file_name":"src/version/mod.rs","byte_start":489,"byte_end":505,"line_start":15,"line_end":15,"column_start":10,"column_end":26,"is_primary":false,"text":[{"text":"#[derive(serde::Serialize, serde::Deserialize)]","highlight_start":10,"highlight_end":26}],"label":null,"suggested_replacement":null,"suggestion_applicability":null,"expansion":null},"macro_decl_name":"#[derive(serde::Serialize)]","def_site_span":{"file_name":"/home/engine/.cargo/registry/src/index.crates.io-1949cf8c6b5b557f/serde_derive-1.0.228/src/lib.rs","byte_start":3101,"byte_end":3159,"line_start":114,"line_end":114,"column_start":1,"column_end":59,"is_primary":false,"text":[{"text":"pub fn derive_serialize(input: TokenStream) -> TokenStream {","highlight_start":1,"highlight_end":59}],"label":null,"suggested_replacement":null,"suggestion_applicability":null,"expansion":null}}}],"children":[{"message":"found an item that was configured out","code":null,"level":"note","spans":[{"file_name":"/home/engine/.cargo/registry/src/index.crates.io-1949cf8c6b5b557f/serde-1.0.228/src/private/ser.rs","byte_start":30757,"byte_end":30793,"line_start":1002,"line_end":1002,"column_start":10,"column_end":46,"is_primary":false,"text":[{"text":"#[cfg(any(feature = \"std\", feature = \"alloc\"))]","highlight_start":10,"highlight_end":46}],"label":"the item is gated here","suggested_replacement":null,"suggestion_applicability":null,"expansion":null},{"file_name":"/home/engine/.cargo/registry/src/index.crates.io-1949cf8c6b5b557f/serde-1.0.228/src/private/ser.rs","byte_start":30807,"byte_end":30824,"line_start":1003,"line_end":1003,"column_start":12,"column_end":29,"is_primary":true,"text":[{"text":"pub struct FlatMapSerializer<'a, M: 'a>(pub &'a mut M);","highlight_start":12,"highlight_end":29}],"label":null,"suggested_replacement":null,"suggestion_applicability":null,"expansion":null}],"children":[],"rendered":null}],"rendered":"\u001b[1m\u001b[91merror[E0425]\u001b[0m\u001b[1m: cannot find function, tuple struct or tuple variant `FlatMapSerializer` in module `_serde::__private228::ser`\u001b[0m\n    \u001b[1m\u001b[94m--> \u001b[0msrc/version/mod.rs:15:10\n     \u001b[1m\u001b[94m|\u001b[0m\n  \u001b[1m\u001b[94m15\u001b[0m \u001b[1m\u001b[94m|\u001b[0m #[derive(serde::Serialize, serde::Deserialize)]\n     \u001b[1m\u001b[94m|\u001b[0m          \u001b[1m\u001b[91m^^^^^^^^^^^^^^^^\u001b[0m \u001b[1m\u001b[91mnot found in `_serde::__private228::ser`\u001b[0m\n     \u001b[1m\u001b[94m|\u001b[0m\n\u001b[1m\u001b[92mnote\u001b[0m: found an item that was configured out\n    \u001b[1m\u001b[94m--> \u001b[0m/home/engine/.cargo/registry/src/index.crates.io-1949cf8c6b5b557f/serde-1.0.228/src/private/ser.rs:1003:12\n     \u001b[1m\u001b[94m|\u001b[0m\n\u001b[1m\u001b[94m1002\u001b[0m \u001b[1m\u001b[94m|\u001b[0m #[cfg(any(feature = \"std\", feature = \"alloc\"))]\n     \u001b[1m\u001b[94m|\u001b[0m          \u001b[1m\u001b[94m------------------------------------\u001b[0m \u001b[1m\u001b[94mthe item is gated here\u001b[0m\n\u001b[1m\u001b[94m1003\u001b[0m \u001b[1m\u001b[94m|\u001b[0m pub struct FlatMapSerializer<'a, M: 'a>(pub &'a mut M);\n     \u001b[1m\u001b[94m|\u001b[0m            \u001b[1m\u001b[92m^^^^^^^^^^^^^^^^^\u001b[0m\n     \u001b[1m\u001b[94m= \u001b[0m\u001b[1mnote\u001b[0m: this error originates in the derive macro `serde::Serialize` (in Nightly builds, run with -Z macro-backtrace for more info)\n\n"}
{"$message_type":"diagnostic","message":"cannot find type `Content` in module `_serde::__private228::de`","code":{"code":"E0412","explanation":"A used type name is not in scope.\n\nErroneous code examples:\n\n```compile_fail,E0412\nimpl Something {} // error: type name `Something` is not in scope\n\n// or:\n\ntrait Foo {\n    fn bar(N); // error: type name `N` is not in scope\n}\n\n// or:\n\nfn foo(x: T) {} // type name `T` is not in scope\n```\n\nTo fix this error, please verify you didn't misspell the type name, you did\ndeclare it or imported it into the scope. Examples:\n\n```\nstruct Something;\n\nimpl Something {} // ok!\n\n// or:\n\ntrait Foo {\n    type N;\n\n    fn bar(_: Self::N); // ok!\n}\n\n// or:\n\nfn foo<T>(x: T) {} // ok!\n```\n\nAnother case that causes this error is when a type is imported into a parent\nmodule. To fix this, you can follow the suggestion and use File directly or\n`use super::File;` which will import the types from the parent namespace. An\nexample that causes this error is below:\n\n```compile_fail,E0412\nuse std::fs::File;\n\nmod foo {\n    fn some_function(f: File) {}\n}\n```\n\n```\nuse std::fs::File;\n\nmod foo {\n    // either\n    use super::File;\n    // or\n    // use std::fs::File;\n    fn foo(f: File) {}\n}\n# fn main() {} // don't insert it for us; that'll break imports\n```\n"},"level":"error","spans":[{"file_name":"src/version/mod.rs","byte_start":507,"byte_end":525,"line_start":15,"line_end":15,"column_start":28,"column_end":46,"is_primary":true,"text":[{"text":"#[derive(serde::Serialize, serde::Deserialize)]","highlight_start":28,"highlight_end":46}],"label":"not found in `_serde::__private228::de`","suggested_replacement":null,"suggestion_applicability":null,"expansion":{"span":{"file_name":"src/version/mod.rs","byte_start":507,"byte_end":525,"line_start":15,"line_end":15,"column_start":28,"column_end":46,"is_primary":false,"text":[{"text":"#[derive(serde::Serialize, serde::Deserialize)]","highlight_start":28,"highlight_end":46}],"label":null,"suggested_replacement":null,"suggestion_applicability":null,"expansion":null},"macro_decl_name":"#[derive(serde::Deserialize)]","def_site_span":{"file_name":"/home/engine/.cargo/registry/src/index.crates.io-1949cf8c6b5b557f/serde_derive-1.0.228/src/lib.rs","byte_start":3397,"byte_end":3457,"line_start":122,"line_end":122,"column_start":1,"column_end":61,"is_primary":false,"text":[{"text":"pub fn derive_deserialize(input: TokenStream) -> TokenStream {","highlight_start":1,"highlight_end":61}],"label":null,"suggested_replacement":null,"suggestion_applicability":null,"expansion":null}}}],"children":[{"message":"found an item that was configured out","code":null,"level":"note","spans":[{"file_name":"/home/engine/.cargo/registry/src/index.crates.io-1949cf8c6b5b557f/serde-1.0.228/src/private/de.rs","byte_start":322,"byte_end":358,"line_start":12,"line_end":12,"column_start":10,"column_end":46,"is_primary":false,"text":[{"text":"#[cfg(any(feature = \"std\", feature = \"alloc\"))]","highlight_start":10,"highlight_end":46}],"label":"the item is gated here","suggested_replacement":null,"suggestion_applicability":null,"expansion":null},{"file_name":"/home/engine/.cargo/registry/src/index.crates.io-1949cf8c6b5b557f/serde-1.0.228/src/private/de.rs","byte_start":406,"byte_end":413,"line_start":14,"line_end":14,"column_start":21,"column_end":28,"is_primary":true,"text":[{"text":"    content_as_str, Content, ContentDeserializer, ContentRefDeserializer, ContentVisitor,","highlight_start":21,"highlight_end":28}],"label":null,"suggested_replacement":null,"suggestion_applicability":null,"expansion":null}],"children":[],"rendered":null}],"rendered":"\u001b[1m\u001b[91merror[E0412]\u001b[0m\u001b[1m: cannot find type `Content` in module `_serde::__private228::de`\u001b[0m\n  \u001b[1m\u001b[94m--> \u001b[0msrc/version/mod.rs:15:28\n   \u001b[1m\u001b[94m|\u001b[0m\n\u001b[1m\u001b[94m15\u001b[0m \u001b[1m\u001b[94m|\u001b[0m #[derive(serde::Serialize, serde::Deserialize)]\n   \u001b[1m\u001b[94m|\u001b[0m                            \u001b[1m\u001b[91m^^^^^^^^^^^^^^^^^^\u001b[0m \u001b[1m\u001b[91mnot found in `_serde::__private228::de`\u001b[0m\n   \u001b[1m\u001b[94m|\u001b[0m\n\u001b[1m\u001b[92mnote\u001b[0m: found an item that was configured out\n  \u001b[1m\u001b[94m--> \u001b[0m/home/engine/.cargo/registry/src/index.crates.io-1949cf8c6b5b557f/serde-1.0.228/src/private/de.rs:14:21\n   \u001b[1m\u001b[94m|\u001b[0m\n\u001b[1m\u001b[94m12\u001b[0m \u001b[1m\u001b[94m|\u001b[0m #[cfg(any(feature = \"std\", feature = \"alloc\"))]\n   \u001b[1m\u001b[94m|\u001b[0m          \u001b[1m\u001b[94m------------------------------------\u001b[0m \u001b[1m\u001b[94mthe item is gated here\u001b[0m\n\u001b[1m\u001b[94m13\u001b[0m \u001b[1m\u001b[94m|\u001b[0m pub use self::content::{\n\u001b[1m\u001b[94m14\u001b[0m \u001b[1m\u001b[94m|\u001b[0m     content_as_str, Content, ContentDeserializer, ContentRefDeserializer\u001b[1m\u001b[94m...\u001b[0m\n   \u001b[1m\u001b[94m|\u001b[0m                     \u001b[1m\u001b[92m^^^^^^^\u001b[0m\n   \u001b[1m\u001b[94m= \u001b[0m\u001b[1mnote\u001b[0m: this error originates in the derive macro `serde::Deserialize` (in Nightly builds, run with -Z macro-backtrace for more info)\n\n"}
{"$message_type":"diagnostic","message":"failed to resolve: could not find `ToString` in `__private228`","code":{"code":"E0433","explanation":"An undeclared crate, module, or type was used.\n\nErroneous code example:\n\n```compile_fail,E0433\nlet map = HashMap::new();\n// error: failed to resolve: use of undeclared type `HashMap`\n```\n\nPlease verify you didn't misspell the type/module's name or that you didn't\nforget to import it:\n\n```\nuse std::collections::HashMap; // HashMap has been imported.\nlet map: HashMap<u32, u32> = HashMap::new(); // So it can be used!\n```\n\nIf you've expected to use a crate name:\n\n```compile_fail\nuse ferris_wheel::BigO;\n// error: failed to resolve: use of undeclared module or unlinked crate\n```\n\nMake sure the crate has been added as a dependency in `Cargo.toml`.\n\nTo use a module from your current crate, add the `crate::` prefix to the path.\n"},"level":"error","spans":[{"file_name":"src/version/mod.rs","byte_start":507,"byte_end":525,"line_start":15,"line_end":15,"column_start":28,"column_end":46,"is_primary":true,"text":[{"text":"#[derive(serde::Serialize, serde::Deserialize)]","highlight_start":28,"highlight_end":46}],"label":"could not find `ToString` in `__private228`","suggested_replacement":null,"suggestion_applicability":null,"expansion":{"span":{"file_name":"src/version/mod.rs","byte_start":507,"byte_end":525,"line_start":15,"line_end":15,"column_start":28,"column_end":46,"is_primary":false,"text":[{"text":"#[derive(serde::Serialize, serde::Deserialize)]","highlight_start":28,"highlight_end":46}],"label":null,"suggested_replacement":null,"suggestion_applicability":null,"expansion":null},"macro_decl_name":"#[derive(serde::Deserialize)]","def_site_span":{"file_name":"/home/engine/.cargo/registry/src/index.crates.io-1949cf8c6b5b557f/serde_derive-1.0.228/src/lib.rs","byte_start":3397,"byte_end":3457,"line_start":122,"line_end":122,"column_start":1,"column_end":61,"is_primary":false,"text":[{"text":"pub fn derive_deserialize(input: TokenStream) -> TokenStream {","highlight_start":1,"highlight_end":61}],"label":null,"suggested_replacement":null,"suggestion_applicability":null,"expansion":null}}}],"children":[{"message":"consider importing this trait","code":null,"level":"help","spans":[{"file_name":"src/version/mod.rs","byte_start":176,"byte_end":176,"line_start":6,"line_end":6,"column_start":1,"column_end":1,"is_primary":true,"text":[{"text":"use crate::{errors::VersionError, GameDNA};","highlight_start":1,"highlight_end":1}],"label":null,"suggested_replacement":"use std::string::ToString;\n","suggestion_applicability":"MaybeIncorrect","expansion":null}],"children":[],"rendered":null}],"rendered":"\u001b[1m\u001b[91merror[E0433]\u001b[0m\u001b[1m: failed to resolve: could not find `ToString` in `__private228`\u001b[0m\n  \u001b[1m\u001b[94m--> \u001b[0msrc/version/mod.rs:15:28\n   \u001b[1m\u001b[94m|\u001b[0m\n\u001b[1m\u001b[94m15\u001b[0m \u001b[1m\u001b[94m|\u001b[0m #[derive(serde::Serialize, serde::Deserialize)]\n   \u001b[1m\u001b[94m|\u001b[0m                            \u001b[1m\u001b[91m^^^^^^^^^^^^^^^^^^\u001b[0m \u001b[1m\u001b[91mcould not find `ToString` in `__private228`\u001b[0m\n   \u001b[1m\u001b[94m|\u001b[0m\n   \u001b[1m\u001b[94m= \u001b[0m\u001b[1mnote\u001b[0m: this error originates in the derive macro `serde::Deserialize` (in Nightly builds, run with -Z macro-backtrace for more info)\n\u001b[1m\u001b[96mhelp\u001b[0m: consider importing this trait\n   \u001b[1m\u001b[94m|\u001b[0m\n \u001b[1m\u001b[94m6\u001b[0m \u001b[92m+ use std::string::ToString;\u001b[0m\n   \u001b[1m\u001b[94m|\u001b[0m\n\n"}
{"$message_type":"diagnostic","message":"failed to resolve: could not find `Vec` in `__private228`","code":{"code":"E0433","explanation":"An undeclared crate, module, or type was used.\n\nErroneous code example:\n\n```compile_fail,E0433\nlet map = HashMap::new();\n// error: failed to resolve: use of undeclared type `HashMap`\n```\n\nPlease verify you didn't misspell the type/module's name or that you didn't\nforget to import it:\n\n```\nuse std::collections::HashMap; // HashMap has been imported.\nlet map: HashMap<u32, u32> = HashMap::new(); // So it can be used!\n```\n\nIf you've expected to use a crate name:\n\n```compile_fail\nuse ferris_wheel::BigO;\n// error: failed to resolve: use of undeclared module or unlinked crate\n```\n\nMake sure the crate has been added as a dependency in `Cargo.toml`.\n\nTo use a module from your current crate, add the `crate::` prefix to the path.\n"},"level":"error","spans":[{"file_name":"src/version/mod.rs","byte_start":507,"byte_end":525,"line_start":15,"line_end":15,"column_start":28,"column_end":46,"is_primary":true,"text":[{"text":"#[derive(serde::Serialize, serde::Deserialize)]","highlight_start":28,"highlight_end":46}],"label":"could not find `Vec` in `__private228`","suggested_replacement":null,"suggestion_applicability":null,"expansion":{"span":{"file_name":"src/version/mod.rs","byte_start":507,"byte_end":525,"line_start":15,"line_end":15,"column_start":28,"column_end":46,"is_primary":false,"text":[{"text":"#[derive(serde::Serialize, serde::Deserialize)]","highlight_start":28,"highlight_end":46}],"label":null,"suggested_replacement":null,"suggestion_applicability":null,"expansion":null},"macro_decl_name":"#[derive(serde::Deserialize)]","def_site_span":{"file_name":"/home/engine/.cargo/registry/src/index.crates.io-1949cf8c6b5b557f/serde_derive-1.0.228/src/lib.rs","byte_start":3397,"byte_end":3457,"line_start":122,"line_end":122,"column_start":1,"column_end":61,"is_primary":false,"text":[{"text":"pub fn derive_deserialize(input: TokenStream) -> TokenStream {","highlight_start":1,"highlight_end":61}],"label":null,"suggested_replacement":null,"suggestion_applicability":null,"expansion":null}}}],"children":[{"message":"consider importing this struct","code":null,"level":"help","spans":[{"file_name":"src/version/mod.rs","byte_start":176,"byte_end":176,"line_start":6,"line_end":6,"column_start":1,"column_end":1,"is_primary":true,"text":[{"text":"use crate::{errors::VersionError, GameDNA};","highlight_start":1,"highlight_end":1}],"label":null,"suggested_replacement":"use std::vec::Vec;\n","suggestion_applicability":"MaybeIncorrect","expansion":null}],"children":[],"rendered":null}],"rendered":"\u001b[1m\u001b[91merror[E0433]\u001b[0m\u001b[1m: failed to resolve: could not find `Vec` in `__private228`\u001b[0m\n  \u001b[1m\u001b[94m--> \u001b[0msrc/version/mod.rs:15:28\n   \u001b[1m\u001b[94m|\u001b[0m\n\u001b[1m\u001b[94m15\u001b[0m \u001b[1m\u001b[94m|\u001b[0m #[derive(serde::Serialize, serde::Deserialize)]\n   \u001b[1m\u001b[94m|\u001b[0m                            \u001b[1m\u001b[91m^^^^^^^^^^^^^^^^^^\u001b[0m \u001b[1m\u001b[91mcould not find `Vec` in `__private228`\u001b[0m\n   \u001b[1m\u001b[94m|\u001b[0m\n   \u001b[1m\u001b[94m= \u001b[0m\u001b[1mnote\u001b[0m: this error originates in the derive macro `serde::Deserialize` (in Nightly builds, run with -Z macro-backtrace for more info)\n\u001b[1m\u001b[96mhelp\u001b[0m: consider importing this struct\n   \u001b[1m\u001b[94m|\u001b[0m\n \u001b[1m\u001b[94m6\u001b[0m \u001b[92m+ use std::vec::Vec;\u001b[0m\n   \u001b[1m\u001b[94m|\u001b[0m\n\n"}
{"$message_type":"diagnostic","message":"cannot find function, tuple struct or tuple variant `FlatMapDeserializer` in module `_serde::__private228::de`","code":{"code":"E0425","explanation":"An unresolved name was used.\n\nErroneous code examples:\n\n```compile_fail,E0425\nsomething_that_doesnt_exist::foo;\n// error: unresolved name `something_that_doesnt_exist::foo`\n\n// or:\n\ntrait Foo {\n    fn bar() {\n        Self; // error: unresolved name `Self`\n    }\n}\n\n// or:\n\nlet x = unknown_variable;  // error: unresolved name `unknown_variable`\n```\n\nPlease verify that the name wasn't misspelled and ensure that the\nidentifier being referred to is valid for the given situation. Example:\n\n```\nenum something_that_does_exist {\n    Foo,\n}\n```\n\nOr:\n\n```\nmod something_that_does_exist {\n    pub static foo : i32 = 0i32;\n}\n\nsomething_that_does_exist::foo; // ok!\n```\n\nOr:\n\n```\nlet unknown_variable = 12u32;\nlet x = unknown_variable; // ok!\n```\n\nIf the item is not defined in the current module, it must be imported using a\n`use` statement, like so:\n\n```\n# mod foo { pub fn bar() {} }\n# fn main() {\nuse foo::bar;\nbar();\n# }\n```\n\nIf the item you are importing is not defined in some super-module of the\ncurrent module, then it must also be declared as public (e.g., `pub fn`).\n"},"level":"error","spans":[{"file_name":"src/version/mod.rs","byte_start":507,"byte_end":525,"line_start":15,"line_end":15,"column_start":28,"column_end":46,"is_primary":true,"text":[{"text":"#[derive(serde::Serialize, serde::Deserialize)]","highlight_start":28,"highlight_end":46}],"label":"not found in `_serde::__private228::de`","suggested_replacement":null,"suggestion_applicability":null,"expansion":{"span":{"file_name":"src/version/mod.rs","byte_start":507,"byte_end":525,"line_start":15,"line_end":15,"column_start":28,"column_end":46,"is_primary":false,"text":[{"text":"#[derive(serde::Serialize, serde::Deserialize)]","highlight_start":28,"highlight_end":46}],"label":null,"suggested_replacement":null,"suggestion_applicability":null,"expansion":null},"macro_decl_name":"#[derive(serde::Deserialize)]","def_site_span":{"file_name":"/home/engine/.cargo/registry/src/index.crates.io-1949cf8c6b5b557f/serde_derive-1.0.228/src/lib.rs","byte_start":3397,"byte_end":3457,"line_start":122,"line_end":122,"column_start":1,"column_end":61,"is_primary":false,"text":[{"text":"pub fn derive_deserialize(input: TokenStream) -> TokenStream {","highlight_start":1,"highlight_end":61}],"label":null,"suggested_replacement":null,"suggestion_applicability":null,"expansion":null}}}],"children":[{"message":"found an item that was configured out","code":null,"level":"note","spans":[{"file_name":"/home/engine/.cargo/registry/src/index.crates.io-1949cf8c6b5b557f/serde-1.0.228/src/private/de.rs","byte_start":101589,"byte_end":101625,"line_start":3183,"line_end":3183,"column_start":10,"column_end":46,"is_primary":false,"text":[{"text":"#[cfg(any(feature = \"std\", feature = \"alloc\"))]","highlight_start":10,"highlight_end":46}],"label":"the item is gated here","suggested_replacement":null,"suggestion_applicability":null,"expansion":null},{"file_name":"/home/engine/.cargo/registry/src/index.crates.io-1949cf8c6b5b557f/serde-1.0.228/src/private/de.rs","byte_start":101639,"byte_end":101658,"line_start":3184,"line_end":3184,"column_start":12,"column_end":31,"is_primary":true,"text":[{"text":"pub struct FlatMapDeserializer<'a, 'de: 'a, E>(","highlight_start":12,"highlight_end":31}],"label":null,"suggested_replacement":null,"suggestion_applicability":null,"expansion":null}],"children":[],"rendered":null}],"rendered":"\u001b[1m\u001b[91merror[E0425]\u001b[0m\u001b[1m: cannot find function, tuple struct or tuple variant `FlatMapDeserializer` in module `_serde::__private228::de`\u001b[0m\n    \u001b[1m\u001b[94m--> \u001b[0msrc/version/mod.rs:15:28\n     \u001b[1m\u001b[94m|\u001b[0m\n  \u001b[1m\u001b[94m15\u001b[0m \u001b[1m\u001b[94m|\u001b[0m #[derive(serde::Serialize, serde::Deserialize)]\n     \u001b[1m\u001b[94m|\u001b[0m                            \u001b[1m\u001b[91m^^^^^^^^^^^^^^^^^^\u001b[0m \u001b[1m\u001b[91mnot found in `_serde::__private228::de`\u001b[0m\n     \u001b[1m\u001b[94m|\u001b[0m\n\u001b[1m\u001b[92mnote\u001b[0m: found an item that was configured out\n    \u001b[1m\u001b[94m--> \u001b[0m/home/engine/.cargo/registry/src/index.crates.io-1949cf8c6b5b557f/serde-1.0.228/src/private/de.rs:3184:12\n     \u001b[1m\u001b[94m|\u001b[0m\n\u001b[1m\u001b[94m3183\u001b[0m \u001b[1m\u001b[94m|\u001b[0m #[cfg(any(feature = \"std\", feature = \"alloc\"))]\n     \u001b[1m\u001b[94m|\u001b[0m          \u001b[1m\u001b[94m------------------------------------\u001b[0m \u001b[1m\u001b[94mthe item is gated here\u001b[0m\n\u001b[1m\u001b[94m3184\u001b[0m \u001b[1m\u001b[94m|\u001b[0m pub struct FlatMapDeserializer<'a, 'de: 'a, E>(\n     \u001b[1m\u001b[94m|\u001b[0m            \u001b[1m\u001b[92m^^^^^^^^^^^^^^^^^^^\u001b[0m\n     \u001b[1m\u001b[94m= \u001b[0m\u001b[1mnote\u001b[0m: this error originates in the derive macro `serde::Deserialize` (in Nightly builds, run with -Z macro-backtrace for more info)\n\n"}
{"$message_type":"diagnostic","message":"cannot find type `SemanticVersion` in this scope","code":{"code":"E0412","explanation":"A used type name is not in scope.\n\nErroneous code examples:\n\n```compile_fail,E0412\nimpl Something {} // error: type name `Something` is not in scope\n\n// or:\n\ntrait Foo {\n    fn bar(N); // error: type name `N` is not in scope\n}\n\n// or:\n\nfn foo(x: T) {} // type name `T` is not in scope\n```\n\nTo fix this error, please verify you didn't misspell the type name, you did\ndeclare it or imported it into the scope. Examples:\n\n```\nstruct Something;\n\nimpl Something {} // ok!\n\n// or:\n\ntrait Foo {\n    type N;\n\n    fn bar(_: Self::N); // ok!\n}\n\n// or:\n\nfn foo<T>(x: T) {} // ok!\n```\n\nAnother case that causes this error is when a type is imported into a parent\nmodule. To fix this, you can follow the suggestion and use File directly or\n`use super::File;` which will import the types from the parent namespace. An\nexample that causes this error is below:\n\n```compile_fail,E0412\nuse std::fs::File;\n\nmod foo {\n    fn some_function(f: File) {}\n}\n```\n\n```\nuse std::fs::File;\n\nmod foo {\n    // either\n    use super::File;\n    // or\n    // use std::fs::File;\n    fn foo(f: File) {}\n}\n# fn main() {} // don't insert it for us; that'll break imports\n```\n"},"level":"error","spans":[{"file_name":"src/version/mod.rs","byte_start":1876,"byte_end":1891,"line_start":60,"line_end":60,"column_start":19,"column_end":34,"is_primary":true,"text":[{"text":"    from_version: SemanticVersion,","highlight_start":19,"highlight_end":34}],"label":"not found in this scope","suggested_replacement":null,"suggestion_applicability":null,"expansion":null}],"children":[{"message":"consider importing this struct through its public re-export","code":null,"level":"help","spans":[{"file_name":"src/version/mod.rs","byte_start":176,"byte_end":176,"line_start":6,"line_end":6,"column_start":1,"column_end":1,"is_primary":true,"text":[{"text":"use crate::{errors::VersionError, GameDNA};","highlight_start":1,"highlight_end":1}],"label":null,"suggested_replacement":"use crate::SemanticVersion;\n","suggestion_applicability":"MaybeIncorrect","expansion":null}],"children":[],"rendered":null}],"rendered":"\u001b[1m\u001b[91merror[E0412]\u001b[0m\u001b[1m: cannot find type `SemanticVersion` in this scope\u001b[0m\n  \u001b[1m\u001b[94m--> \u001b[0msrc/version/mod.rs:60:19\n   \u001b[1m\u001b[94m|\u001b[0m\n\u001b[1m\u001b[94m60\u001b[0m \u001b[1m\u001b[94m|\u001b[0m     from_version: SemanticVersion,\n   \u001b[1m\u001b[94m|\u001b[0m                   \u001b[1m\u001b[91m^^^^^^^^^^^^^^^\u001b[0m \u001b[1m\u001b[91mnot found in this scope\u001b[0m\n   \u001b[1m\u001b[94m|\u001b[0m\n\u001b[1m\u001b[96mhelp\u001b[0m: consider importing this struct through its public re-export\n   \u001b[1m\u001b[94m|\u001b[0m\n \u001b[1m\u001b[94m6\u001b[0m \u001b[92m+ use crate::SemanticVersion;\u001b[0m\n   \u001b[1m\u001b[94m|\u001b[0m\n\n"}
{"$message_type":"diagnostic","message":"failed to resolve: use of undeclared type `SemanticVersion`","code":{"code":"E0433","explanation":"An undeclared crate, module, or type was used.\n\nErroneous code example:\n\n```compile_fail,E0433\nlet map = HashMap::new();\n// error: failed to resolve: use of undeclared type `HashMap`\n```\n\nPlease verify you didn't misspell the type/module's name or that you didn't\nforget to import it:\n\n```\nuse std::collections::HashMap; // HashMap has been imported.\nlet map: HashMap<u32, u32> = HashMap::new(); // So it can be used!\n```\n\nIf you've expected to use a crate name:\n\n```compile_fail\nuse ferris_wheel::BigO;\n// error: failed to resolve: use of undeclared module or unlinked crate\n```\n\nMake sure the crate has been added as a dependency in `Cargo.toml`.\n\nTo use a module from your current crate, add the `crate::` prefix to the path.\n"},"level":"error","spans":[{"file_name":"src/version/mod.rs","byte_start":2108,"byte_end":2123,"line_start":68,"line_end":68,"column_start":37,"column_end":52,"is_primary":true,"text":[{"text":"                .unwrap_or_else(|_| SemanticVersion::new(0, 1, 0)),","highlight_start":37,"highlight_end":52}],"label":"use of undeclared type `SemanticVersion`","suggested_replacement":null,"suggestion_applicability":null,"expansion":null}],"children":[{"message":"consider importing this struct through its public re-export","code":null,"level":"help","spans":[{"file_name":"src/version/mod.rs","byte_start":176,"byte_end":176,"line_start":6,"line_end":6,"column_start":1,"column_end":1,"is_primary":true,"text":[{"text":"use crate::{errors::VersionError, GameDNA};","highlight_start":1,"highlight_end":1}],"label":null,"suggested_replacement":"use crate::SemanticVersion;\n","suggestion_applicability":"MaybeIncorrect","expansion":null}],"children":[],"rendered":null}],"rendered":"\u001b[1m\u001b[91merror[E0433]\u001b[0m\u001b[1m: failed to resolve: use of undeclared type `SemanticVersion`\u001b[0m\n  \u001b[1m\u001b[94m--> \u001b[0msrc/version/mod.rs:68:37\n   \u001b[1m\u001b[94m|\u001b[0m\n\u001b[1m\u001b[94m68\u001b[0m \u001b[1m\u001b[94m|\u001b[0m                 .unwrap_or_else(|_| SemanticVersion::new(0, 1, 0)),\n   \u001b[1m\u001b[94m|\u001b[0m                                     \u001b[1m\u001b[91m^^^^^^^^^^^^^^^\u001b[0m \u001b[1m\u001b[91muse of undeclared type `SemanticVersion`\u001b[0m\n   \u001b[1m\u001b[94m|\u001b[0m\n\u001b[1m\u001b[96mhelp\u001b[0m: consider importing this struct through its public re-export\n   \u001b[1m\u001b[94m|\u001b[0m\n \u001b[1m\u001b[94m6\u001b[0m \u001b[92m+ use crate::SemanticVersion;\u001b[0m\n   \u001b[1m\u001b[94m|\u001b[0m\n\n"}
{"$message_type":"diagnostic","message":"impl has stricter requirements than trait","code":{"code":"E0276","explanation":"A trait implementation has stricter requirements than the trait definition.\n\nErroneous code example:\n\n```compile_fail,E0276\ntrait Foo {\n    fn foo<T>(x: T);\n}\n\nimpl Foo for bool {\n    fn foo<T>(x: T) where T: Copy {}\n}\n```\n\nHere, all types implementing `Foo` must have a method `foo<T>(x: T)` which can\ntake any type `T`. However, in the `impl` for `bool`, we have added an extra\nbound that `T` is `Copy`, which isn't compatible with the original trait.\n\nConsider removing the bound from the method or adding the bound to the original\nmethod definition in the trait.\n"},"level":"error","spans":[{"file_name":"src/serialization/mod.rs","byte_start":5778,"byte_end":5779,"line_start":182,"line_end":182,"column_start":21,"column_end":22,"is_primary":true,"text":[{"text":"    fn begin_object<W>(&mut self, writer: &mut W) -> std::io::Result<()>","highlight_start":21,"highlight_end":22}],"label":"impl has extra requirement `W: Sized`","suggested_replacement":null,"suggestion_applicability":null,"expansion":null}],"children":[],"rendered":"\u001b[1m\u001b[91merror[E0276]\u001b[0m\u001b[1m: impl has stricter requirements than trait\u001b[0m\n   \u001b[1m\u001b[94m--> \u001b[0msrc/serialization/mod.rs:182:21\n    \u001b[1m\u001b[94m|\u001b[0m\n\u001b[1m\u001b[94m182\u001b[0m \u001b[1m\u001b[94m|\u001b[0m     fn begin_object<W>(&mut self, writer: &mut W) -> std::io::Result<()>\n    \u001b[1m\u001b[94m|\u001b[0m                     \u001b[1m\u001b[91m^\u001b[0m \u001b[1m\u001b[91mimpl has extra requirement `W: Sized`\u001b[0m\n\n"}
{"$message_type":"diagnostic","message":"impl has stricter requirements than trait","code":{"code":"E0276","explanation":"A trait implementation has stricter requirements than the trait definition.\n\nErroneous code example:\n\n```compile_fail,E0276\ntrait Foo {\n    fn foo<T>(x: T);\n}\n\nimpl Foo for bool {\n    fn foo<T>(x: T) where T: Copy {}\n}\n```\n\nHere, all types implementing `Foo` must have a method `foo<T>(x: T)` which can\ntake any type `T`. However, in the `impl` for `bool`, we have added an extra\nbound that `T` is `Copy`, which isn't compatible with the original trait.\n\nConsider removing the bound from the method or adding the bound to the original\nmethod definition in the trait.\n"},"level":"error","spans":[{"file_name":"src/serialization/mod.rs","byte_start":5944,"byte_end":5945,"line_start":190,"line_end":190,"column_start":19,"column_end":20,"is_primary":true,"text":[{"text":"    fn end_object<W>(&mut self, writer: &mut W) -> std::io::Result<()>","highlight_start":19,"highlight_end":20}],"label":"impl has extra requirement `W: Sized`","suggested_replacement":null,"suggestion_applicability":null,"expansion":null}],"children":[],"rendered":"\u001b[1m\u001b[91merror[E0276]\u001b[0m\u001b[1m: impl has stricter requirements than trait\u001b[0m\n   \u001b[1m\u001b[94m--> \u001b[0msrc/serialization/mod.rs:190:19\n    \u001b[1m\u001b[94m|\u001b[0m\n\u001b[1m\u001b[94m190\u001b[0m \u001b[1m\u001b[94m|\u001b[0m     fn end_object<W>(&mut self, writer: &mut W) -> std::io::Result<()>\n    \u001b[1m\u001b[94m|\u001b[0m                   \u001b[1m\u001b[91m^\u001b[0m \u001b[1m\u001b[91mimpl has extra requirement `W: Sized`\u001b[0m\n\n"}
{"$message_type":"diagnostic","message":"impl has stricter requirements than trait","code":{"code":"E0276","explanation":"A trait implementation has stricter requirements than the trait definition.\n\nErroneous code example:\n\n```compile_fail,E0276\ntrait Foo {\n    fn foo<T>(x: T);\n}\n\nimpl Foo for bool {\n    fn foo<T>(x: T) where T: Copy {}\n}\n```\n\nHere, all types implementing `Foo` must have a method `foo<T>(x: T)` which can\ntake any type `T`. However, in the `impl` for `bool`, we have added an extra\nbound that `T` is `Copy`, which isn't compatible with the original trait.\n\nConsider removing the bound from the method or adding the bound to the original\nmethod definition in the trait.\n"},"level":"error","spans":[{"file_name":"src/serialization/mod.rs","byte_start":6111,"byte_end":6112,"line_start":198,"line_end":198,"column_start":20,"column_end":21,"is_primary":true,"text":[{"text":"    fn begin_array<W>(&mut self, writer: &mut W) -> std::io::Result<()>","highlight_start":20,"highlight_end":21}],"label":"impl has extra requirement `W: Sized`","suggested_replacement":null,"suggestion_applicability":null,"expansion":null}],"children":[],"rendered":"\u001b[1m\u001b[91merror[E0276]\u001b[0m\u001b[1m: impl has stricter requirements than trait\u001b[0m\n   \u001b[1m\u001b[94m--> \u001b[0msrc/serialization/mod.rs:198:20\n    \u001b[1m\u001b[94m|\u001b[0m\n\u001b[1m\u001b[94m198\u001b[0m \u001b[1m\u001b[94m|\u001b[0m     fn begin_array<W>(&mut self, writer: &mut W) -> std::io::Result<()>\n    \u001b[1m\u001b[94m|\u001b[0m                    \u001b[1m\u001b[91m^\u001b[0m \u001b[1m\u001b[91mimpl has extra requirement `W: Sized`\u001b[0m\n\n"}
{"$message_type":"diagnostic","message":"impl has stricter requirements than trait","code":{"code":"E0276","explanation":"A trait implementation has stricter requirements than the trait definition.\n\nErroneous code example:\n\n```compile_fail,E0276\ntrait Foo {\n    fn foo<T>(x: T);\n}\n\nimpl Foo for bool {\n    fn foo<T>(x: T) where T: Copy {}\n}\n```\n\nHere, all types implementing `Foo` must have a method `foo<T>(x: T)` which can\ntake any type `T`. However, in the `impl` for `bool`, we have added an extra\nbound that `T` is `Copy`, which isn't compatible with the original trait.\n\nConsider removing the bound from the method or adding the bound to the original\nmethod definition in the trait.\n"},"level":"error","spans":[{"file_name":"src/serialization/mod.rs","byte_start":6276,"byte_end":6277,"line_start":206,"line_end":206,"column_start":18,"column_end":19,"is_primary":true,"text":[{"text":"    fn end_array<W>(&mut self, writer: &mut W) -> std::io::Result<()>","highlight_start":18,"highlight_end":19}],"label":"impl has extra requirement `W: Sized`","suggested_replacement":null,"suggestion_applicability":null,"expansion":null}],"children":[],"rendered":"\u001b[1m\u001b[91merror[E0276]\u001b[0m\u001b[1m: impl has stricter requirements than trait\u001b[0m\n   \u001b[1m\u001b[94m--> \u001b[0msrc/serialization/mod.rs:206:18\n    \u001b[1m\u001b[94m|\u001b[0m\n\u001b[1m\u001b[94m206\u001b[0m \u001b[1m\u001b[94m|\u001b[0m     fn end_array<W>(&mut self, writer: &mut W) -> std::io::Result<()>\n    \u001b[1m\u001b[94m|\u001b[0m                  \u001b[1m\u001b[91m^\u001b[0m \u001b[1m\u001b[91mimpl has extra requirement `W: Sized`\u001b[0m\n\n"}
{"$message_type":"diagnostic","message":"impl has stricter requirements than trait","code":{"code":"E0276","explanation":"A trait implementation has stricter requirements than the trait definition.\n\nErroneous code example:\n\n```compile_fail,E0276\ntrait Foo {\n    fn foo<T>(x: T);\n}\n\nimpl Foo for bool {\n    fn foo<T>(x: T) where T: Copy {}\n}\n```\n\nHere, all types implementing `Foo` must have a method `foo<T>(x: T)` which can\ntake any type `T`. However, in the `impl` for `bool`, we have added an extra\nbound that `T` is `Copy`, which isn't compatible with the original trait.\n\nConsider removing the bound from the method or adding the bound to the original\nmethod definition in the trait.\n"},"level":"error","spans":[{"file_name":"src/serialization/mod.rs","byte_start":6778,"byte_end":6779,"line_start":224,"line_end":224,"column_start":25,"column_end":26,"is_primary":true,"text":[{"text":"    fn write_number_str<W>(&mut self, writer: &mut W, value: &str) -> std::io::Result<()>","highlight_start":25,"highlight_end":26}],"label":"impl has extra requirement `W: Sized`","suggested_replacement":null,"suggestion_applicability":null,"expansion":null}],"children":[],"rendered":"\u001b[1m\u001b[91merror[E0276]\u001b[0m\u001b[1m: impl has stricter requirements than trait\u001b[0m\n   \u001b[1m\u001b[94m--> \u001b[0msrc/serialization/mod.rs:224:25\n    \u001b[1m\u001b[94m|\u001b[0m\n\u001b[1m\u001b[94m224\u001b[0m \u001b[1m\u001b[94m|\u001b[0m     fn write_number_str<W>(&mut self, writer: &mut W, value: &str) -> s\u001b[1m\u001b[94m...\u001b[0m\n    \u001b[1m\u001b[94m|\u001b[0m                         \u001b[1m\u001b[91m^\u001b[0m \u001b[1m\u001b[91mimpl has extra requirement `W: Sized`\u001b[0m\n\n"}
{"$message_type":"diagnostic","message":"impl has stricter requirements than trait","code":{"code":"E0276","explanation":"A trait implementation has stricter requirements than the trait definition.\n\nErroneous code example:\n\n```compile_fail,E0276\ntrait Foo {\n    fn foo<T>(x: T);\n}\n\nimpl Foo for bool {\n    fn foo<T>(x: T) where T: Copy {}\n}\n```\n\nHere, all types implementing `Foo` must have a method `foo<T>(x: T)` which can\ntake any type `T`. However, in the `impl` for `bool`, we have added an extra\nbound that `T` is `Copy`, which isn't compatible with the original trait.\n\nConsider removing the bound from the method or adding the bound to the original\nmethod definition in the trait.\n"},"level":"error","spans":[{"file_name":"src/serialization/mod.rs","byte_start":6969,"byte_end":6970,"line_start":232,"line_end":232,"column_start":19,"column_end":20,"is_primary":true,"text":[{"text":"    fn write_bool<W>(&mut self, writer: &mut W, value: bool) -> std::io::Result<()>","highlight_start":19,"highlight_end":20}],"label":"impl has extra requirement `W: Sized`","suggested_replacement":null,"suggestion_applicability":null,"expansion":null}],"children":[],"rendered":"\u001b[1m\u001b[91merror[E0276]\u001b[0m\u001b[1m: impl has stricter requirements than trait\u001b[0m\n   \u001b[1m\u001b[94m--> \u001b[0msrc/serialization/mod.rs:232:19\n    \u001b[1m\u001b[94m|\u001b[0m\n\u001b[1m\u001b[94m232\u001b[0m \u001b[1m\u001b[94m|\u001b[0m     fn write_bool<W>(&mut self, writer: &mut W, value: bool) -> std::io\u001b[1m\u001b[94m...\u001b[0m\n    \u001b[1m\u001b[94m|\u001b[0m                   \u001b[1m\u001b[91m^\u001b[0m \u001b[1m\u001b[91mimpl has extra requirement `W: Sized`\u001b[0m\n\n"}
{"$message_type":"diagnostic","message":"impl has stricter requirements than trait","code":{"code":"E0276","explanation":"A trait implementation has stricter requirements than the trait definition.\n\nErroneous code example:\n\n```compile_fail,E0276\ntrait Foo {\n    fn foo<T>(x: T);\n}\n\nimpl Foo for bool {\n    fn foo<T>(x: T) where T: Copy {}\n}\n```\n\nHere, all types implementing `Foo` must have a method `foo<T>(x: T)` which can\ntake any type `T`. However, in the `impl` for `bool`, we have added an extra\nbound that `T` is `Copy`, which isn't compatible with the original trait.\n\nConsider removing the bound from the method or adding the bound to the original\nmethod definition in the trait.\n"},"level":"error","spans":[{"file_name":"src/serialization/mod.rs","byte_start":7182,"byte_end":7183,"line_start":240,"line_end":240,"column_start":19,"column_end":20,"is_primary":true,"text":[{"text":"    fn write_null<W>(&mut self, writer: &mut W) -> std::io::Result<()>","highlight_start":19,"highlight_end":20}],"label":"impl has extra requirement `W: Sized`","suggested_replacement":null,"suggestion_applicability":null,"expansion":null}],"children":[],"rendered":"\u001b[1m\u001b[91merror[E0276]\u001b[0m\u001b[1m: impl has stricter requirements than trait\u001b[0m\n   \u001b[1m\u001b[94m--> \u001b[0msrc/serialization/mod.rs:240:19\n    \u001b[1m\u001b[94m|\u001b[0m\n\u001b[1m\u001b[94m240\u001b[0m \u001b[1m\u001b[94m|\u001b[0m     fn write_null<W>(&mut self, writer: &mut W) -> std::io::Result<()>\n    \u001b[1m\u001b[94m|\u001b[0m                   \u001b[1m\u001b[91m^\u001b[0m \u001b[1m\u001b[91mimpl has extra requirement `W: Sized`\u001b[0m\n\n"}
{"$message_type":"diagnostic","message":"the method `as_display` exists for reference `&Vec<std::string::String>`, but its trait bounds were not satisfied","code":{"code":"E0599","explanation":"This error occurs when a method is used on a type which doesn't implement it:\n\nErroneous code example:\n\n```compile_fail,E0599\nstruct Mouth;\n\nlet x = Mouth;\nx.chocolate(); // error: no method named `chocolate` found for type `Mouth`\n               //        in the current scope\n```\n\nIn this case, you need to implement the `chocolate` method to fix the error:\n\n```\nstruct Mouth;\n\nimpl Mouth {\n    fn chocolate(&self) { // We implement the `chocolate` method here.\n        println!(\"Hmmm! I love chocolate!\");\n    }\n}\n\nlet x = Mouth;\nx.chocolate(); // ok!\n```\n"},"level":"error","spans":[{"file_name":"src/errors/mod.rs","byte_start":2402,"byte_end":2513,"line_start":81,"line_end":81,"column_start":13,"column_end":124,"is_primary":true,"text":[{"text":"    #[error(\"Incompatible configuration: {description}\\nConflicting fields: {conflicting_fields}\\nSuggestion: {suggestion}\")]","highlight_start":13,"highlight_end":124}],"label":"method cannot be called on `&Vec<std::string::String>` due to unsatisfied trait bounds","suggested_replacement":null,"suggestion_applicability":null,"expansion":null}],"children":[{"message":"the following trait bounds were not satisfied:\n`Vec<std::string::String>: std::fmt::Display`\nwhich is required by `&Vec<std::string::String>: AsDisplay<'_>`","code":null,"level":"note","spans":[],"children":[],"rendered":null}],"rendered":"\u001b[1m\u001b[91merror[E0599]\u001b[0m\u001b[1m: the method `as_display` exists for reference `&Vec<std::string::String>`, but its trait bounds were not satisfied\u001b[0m\n  \u001b[1m\u001b[94m--> \u001b[0msrc/errors/mod.rs:81:13\n   \u001b[1m\u001b[94m|\u001b[0m\n\u001b[1m\u001b[94m81\u001b[0m \u001b[1m\u001b[94m|\u001b[0m \u001b[1m\u001b[94m...\u001b[0mor(\"Incompatible configuration: {description}\\nConflicting fields: {conflicting_fields}\\nSuggestion: {suggestion}\")]\n   \u001b[1m\u001b[94m|\u001b[0m       \u001b[1m\u001b[91m^^^^^^^^^^^^^^^^^^^^^^^^^^^^^^^^^^^^^^^^^^^^^^^^^^^^^^^^^^^^^^^^^^^^^^^^^^^^^^^^^^^^^^^^^^^^^^^^^^^^^^^^^^^^^^^\u001b[0m \u001b[1m\u001b[91mmethod cannot be called on `&Vec<std::string::String>` due to unsatisfied trait bounds\u001b[0m\n   \u001b[1m\u001b[94m|\u001b[0m\n   \u001b[1m\u001b[94m= \u001b[0m\u001b[1mnote\u001b[0m: the following trait bounds were not satisfied:\n           `Vec<std::string::String>: std::fmt::Display`\n           which is required by `&Vec<std::string::String>: AsDisplay<'_>`\n\n"}
{"$message_type":"diagnostic","message":"the method `as_display` exists for reference `&Vec<std::string::String>`, but its trait bounds were not satisfied","code":{"code":"E0599","explanation":"This error occurs when a method is used on a type which doesn't implement it:\n\nErroneous code example:\n\n```compile_fail,E0599\nstruct Mouth;\n\nlet x = Mouth;\nx.chocolate(); // error: no method named `chocolate` found for type `Mouth`\n               //        in the current scope\n```\n\nIn this case, you need to implement the `chocolate` method to fix the error:\n\n```\nstruct Mouth;\n\nimpl Mouth {\n    fn chocolate(&self) { // We implement the `chocolate` method here.\n        println!(\"Hmmm! I love chocolate!\");\n    }\n}\n\nlet x = Mouth;\nx.chocolate(); // ok!\n```\n"},"level":"error","spans":[{"file_name":"src/errors/mod.rs","byte_start":2839,"byte_end":2930,"line_start":92,"line_end":92,"column_start":13,"column_end":104,"is_primary":true,"text":[{"text":"    #[error(\"Missing required fields: {fields}\\nPlease provide these fields to create a valid GameDNA.\")]","highlight_start":13,"highlight_end":104}],"label":"method cannot be called on `&Vec<std::string::String>` due to unsatisfied trait bounds","suggested_replacement":null,"suggestion_applicability":null,"expansion":null}],"children":[{"message":"the following trait bounds were not satisfied:\n`Vec<std::string::String>: std::fmt::Display`\nwhich is required by `&Vec<std::string::String>: AsDisplay<'_>`","code":null,"level":"note","spans":[],"children":[],"rendered":null}],"rendered":"\u001b[1m\u001b[91merror[E0599]\u001b[0m\u001b[1m: the method `as_display` exists for reference `&Vec<std::string::String>`, but its trait bounds were not satisfied\u001b[0m\n  \u001b[1m\u001b[94m--> \u001b[0msrc/errors/mod.rs:92:13\n   \u001b[1m\u001b[94m|\u001b[0m\n\u001b[1m\u001b[94m92\u001b[0m \u001b[1m\u001b[94m|\u001b[0m \u001b[1m\u001b[94m...\u001b[0mor(\"Missing required fields: {fields}\\nPlease provide these fields to create a valid GameDNA.\")]\n   \u001b[1m\u001b[94m|\u001b[0m       \u001b[1m\u001b[91m^^^^^^^^^^^^^^^^^^^^^^^^^^^^^^^^^^^^^^^^^^^^^^^^^^^^^^^^^^^^^^^^^^^^^^^^^^^^^^^^^^^^^^^^^^^\u001b[0m \u001b[1m\u001b[91mmethod cannot be called on `&Vec<std::string::String>` due to unsatisfied trait bounds\u001b[0m\n   \u001b[1m\u001b[94m|\u001b[0m\n   \u001b[1m\u001b[94m= \u001b[0m\u001b[1mnote\u001b[0m: the following trait bounds were not satisfied:\n           `Vec<std::string::String>: std::fmt::Display`\n           which is required by `&Vec<std::string::String>: AsDisplay<'_>`\n\n"}
{"$message_type":"diagnostic","message":"the method `as_display` exists for reference `&Vec<std::string::String>`, but its trait bounds were not satisfied","code":{"code":"E0599","explanation":"This error occurs when a method is used on a type which doesn't implement it:\n\nErroneous code example:\n\n```compile_fail,E0599\nstruct Mouth;\n\nlet x = Mouth;\nx.chocolate(); // error: no method named `chocolate` found for type `Mouth`\n               //        in the current scope\n```\n\nIn this case, you need to implement the `chocolate` method to fix the error:\n\n```\nstruct Mouth;\n\nimpl Mouth {\n    fn chocolate(&self) { // We implement the `chocolate` method here.\n        println!(\"Hmmm! I love chocolate!\");\n    }\n}\n\nlet x = Mouth;\nx.chocolate(); // ok!\n```\n"},"level":"error","spans":[{"file_name":"src/errors/mod.rs","byte_start":3099,"byte_end":3200,"line_start":99,"line_end":99,"column_start":13,"column_end":114,"is_primary":true,"text":[{"text":"    #[error(\"Invalid enum configuration: {description}\\nValid options: {valid_options}\\nSuggestion: {suggestion}\")]","highlight_start":13,"highlight_end":114}],"label":"method cannot be called on `&Vec<std::string::String>` due to unsatisfied trait bounds","suggested_replacement":null,"suggestion_applicability":null,"expansion":null}],"children":[{"message":"the following trait bounds were not satisfied:\n`Vec<std::string::String>: std::fmt::Display`\nwhich is required by `&Vec<std::string::String>: AsDisplay<'_>`","code":null,"level":"note","spans":[],"children":[],"rendered":null}],"rendered":"\u001b[1m\u001b[91merror[E0599]\u001b[0m\u001b[1m: the method `as_display` exists for reference `&Vec<std::string::String>`, but its trait bounds were not satisfied\u001b[0m\n  \u001b[1m\u001b[94m--> \u001b[0msrc/errors/mod.rs:99:13\n   \u001b[1m\u001b[94m|\u001b[0m\n\u001b[1m\u001b[94m99\u001b[0m \u001b[1m\u001b[94m|\u001b[0m \u001b[1m\u001b[94m...\u001b[0mor(\"Invalid enum configuration: {description}\\nValid options: {valid_options}\\nSuggestion: {suggestion}\")]\n   \u001b[1m\u001b[94m|\u001b[0m       \u001b[1m\u001b[91m^^^^^^^^^^^^^^^^^^^^^^^^^^^^^^^^^^^^^^^^^^^^^^^^^^^^^^^^^^^^^^^^^^^^^^^^^^^^^^^^^^^^^^^^^^^^^^^^^^^^^\u001b[0m \u001b[1m\u001b[91mmethod cannot be called on `&Vec<std::string::String>` due to unsatisfied trait bounds\u001b[0m\n   \u001b[1m\u001b[94m|\u001b[0m\n   \u001b[1m\u001b[94m= \u001b[0m\u001b[1mnote\u001b[0m: the following trait bounds were not satisfied:\n           `Vec<std::string::String>: std::fmt::Display`\n           which is required by `&Vec<std::string::String>: AsDisplay<'_>`\n\n"}
{"$message_type":"diagnostic","message":"expected value, found struct variant `crate::errors::SchemaError::InvalidField`","code":{"code":"E0533","explanation":"An item which isn't a unit struct, a variant, nor a constant has been used as a\nmatch pattern.\n\nErroneous code example:\n\n```compile_fail,E0533\nstruct Tortoise;\n\nimpl Tortoise {\n    fn turtle(&self) -> u32 { 0 }\n}\n\nmatch 0u32 {\n    Tortoise::turtle => {} // Error!\n    _ => {}\n}\nif let Tortoise::turtle = 0u32 {} // Same error!\n```\n\nIf you want to match against a value returned by a method, you need to bind the\nvalue first:\n\n```\nstruct Tortoise;\n\nimpl Tortoise {\n    fn turtle(&self) -> u32 { 0 }\n}\n\nmatch 0u32 {\n    x if x == Tortoise.turtle() => {} // Bound into `x` then we compare it!\n    _ => {}\n}\n```\n"},"level":"error","spans":[{"file_name":"src/schema/mod.rs","byte_start":8407,"byte_end":8447,"line_start":303,"line_end":303,"column_start":24,"column_end":64,"is_primary":true,"text":[{"text":"            return Err(crate::errors::SchemaError::InvalidField(","highlight_start":24,"highlight_end":64}],"label":"not a value","suggested_replacement":null,"suggestion_applicability":null,"expansion":null}],"children":[{"message":"you might have meant to create a new value of the struct","code":null,"level":"help","spans":[{"file_name":"src/schema/mod.rs","byte_start":8447,"byte_end":8554,"line_start":303,"line_end":306,"column_start":64,"column_end":14,"is_primary":true,"text":[{"text":"            return Err(crate::errors::SchemaError::InvalidField(","highlight_start":64,"highlight_end":65},{"text":"                \"name\".to_string(),","highlight_start":1,"highlight_end":36},{"text":"                \"Game name cannot be empty\".to_string()","highlight_start":1,"highlight_end":56},{"text":"            ));","highlight_start":1,"highlight_end":14}],"label":null,"suggested_replacement":" { field_name: /* value */, description: /* value */, suggestion: /* value */ }","suggestion_applicability":"HasPlaceholders","expansion":null}],"children":[],"rendered":null}],"rendered":"\u001b[1m\u001b[91merror[E0533]\u001b[0m\u001b[1m: expected value, found struct variant `crate::errors::SchemaError::InvalidField`\u001b[0m\n   \u001b[1m\u001b[94m--> \u001b[0msrc/schema/mod.rs:303:24\n    \u001b[1m\u001b[94m|\u001b[0m\n\u001b[1m\u001b[94m303\u001b[0m \u001b[1m\u001b[94m|\u001b[0m             return Err(crate::errors::SchemaError::InvalidField(\n    \u001b[1m\u001b[94m|\u001b[0m                        \u001b[1m\u001b[91m^^^^^^^^^^^^^^^^^^^^^^^^^^^^^^^^^^^^^^^^\u001b[0m \u001b[1m\u001b[91mnot a value\u001b[0m\n    \u001b[1m\u001b[94m|\u001b[0m\n\u001b[1m\u001b[96mhelp\u001b[0m: you might have meant to create a new value of the struct\n    \u001b[1m\u001b[94m|\u001b[0m\n\u001b[1m\u001b[94m303\u001b[0m \u001b[91m- \u001b[0m            return Err(crate::errors::SchemaError::InvalidField\u001b[91m(\u001b[0m\n\u001b[1m\u001b[94m304\u001b[0m \u001b[91m-                 \"name\".to_string(),\u001b[0m\n\u001b[1m\u001b[94m305\u001b[0m \u001b[91m-                 \"Game name cannot be empty\".to_string()\u001b[0m\n\u001b[1m\u001b[94m306\u001b[0m \u001b[91m-             )\u001b[0m);\n\u001b[1m\u001b[94m303\u001b[0m \u001b[92m+ \u001b[0m            return Err(crate::errors::SchemaError::InvalidField\u001b[92m { field_name: /* value */, description: /* value */, suggestion: /* value */ }\u001b[0m);\n    \u001b[1m\u001b[94m|\u001b[0m\n\n"}
{"$message_type":"diagnostic","message":"expected value, found struct variant `crate::errors::SchemaError::InvalidField`","code":{"code":"E0533","explanation":"An item which isn't a unit struct, a variant, nor a constant has been used as a\nmatch pattern.\n\nErroneous code example:\n\n```compile_fail,E0533\nstruct Tortoise;\n\nimpl Tortoise {\n    fn turtle(&self) -> u32 { 0 }\n}\n\nmatch 0u32 {\n    Tortoise::turtle => {} // Error!\n    _ => {}\n}\nif let Tortoise::turtle = 0u32 {} // Same error!\n```\n\nIf you want to match against a value returned by a method, you need to bind the\nvalue first:\n\n```\nstruct Tortoise;\n\nimpl Tortoise {\n    fn turtle(&self) -> u32 { 0 }\n}\n\nmatch 0u32 {\n    x if x == Tortoise.turtle() => {} // Bound into `x` then we compare it!\n    _ => {}\n}\n```\n"},"level":"error","spans":[{"file_name":"src/schema/mod.rs","byte_start":8631,"byte_end":8671,"line_start":310,"line_end":310,"column_start":24,"column_end":64,"is_primary":true,"text":[{"text":"            return Err(crate::errors::SchemaError::InvalidField(","highlight_start":24,"highlight_end":64}],"label":"not a value","suggested_replacement":null,"suggestion_applicability":null,"expansion":null}],"children":[{"message":"you might have meant to create a new value of the struct","code":null,"level":"help","spans":[{"file_name":"src/schema/mod.rs","byte_start":8671,"byte_end":8774,"line_start":310,"line_end":313,"column_start":64,"column_end":14,"is_primary":true,"text":[{"text":"            return Err(crate::errors::SchemaError::InvalidField(","highlight_start":64,"highlight_end":65},{"text":"                \"id\".to_string(),","highlight_start":1,"highlight_end":34},{"text":"                \"Game ID cannot be empty\".to_string()","highlight_start":1,"highlight_end":54},{"text":"            ));","highlight_start":1,"highlight_end":14}],"label":null,"suggested_replacement":" { field_name: /* value */, description: /* value */, suggestion: /* value */ }","suggestion_applicability":"HasPlaceholders","expansion":null}],"children":[],"rendered":null}],"rendered":"\u001b[1m\u001b[91merror[E0533]\u001b[0m\u001b[1m: expected value, found struct variant `crate::errors::SchemaError::InvalidField`\u001b[0m\n   \u001b[1m\u001b[94m--> \u001b[0msrc/schema/mod.rs:310:24\n    \u001b[1m\u001b[94m|\u001b[0m\n\u001b[1m\u001b[94m310\u001b[0m \u001b[1m\u001b[94m|\u001b[0m             return Err(crate::errors::SchemaError::InvalidField(\n    \u001b[1m\u001b[94m|\u001b[0m                        \u001b[1m\u001b[91m^^^^^^^^^^^^^^^^^^^^^^^^^^^^^^^^^^^^^^^^\u001b[0m \u001b[1m\u001b[91mnot a value\u001b[0m\n    \u001b[1m\u001b[94m|\u001b[0m\n\u001b[1m\u001b[96mhelp\u001b[0m: you might have meant to create a new value of the struct\n    \u001b[1m\u001b[94m|\u001b[0m\n\u001b[1m\u001b[94m310\u001b[0m \u001b[91m- \u001b[0m            return Err(crate::errors::SchemaError::InvalidField\u001b[91m(\u001b[0m\n\u001b[1m\u001b[94m311\u001b[0m \u001b[91m-                 \"id\".to_string(),\u001b[0m\n\u001b[1m\u001b[94m312\u001b[0m \u001b[91m-                 \"Game ID cannot be empty\".to_string()\u001b[0m\n\u001b[1m\u001b[94m313\u001b[0m \u001b[91m-             )\u001b[0m);\n\u001b[1m\u001b[94m310\u001b[0m \u001b[92m+ \u001b[0m            return Err(crate::errors::SchemaError::InvalidField\u001b[92m { field_name: /* value */, description: /* value */, suggestion: /* value */ }\u001b[0m);\n    \u001b[1m\u001b[94m|\u001b[0m\n\n"}
{"$message_type":"diagnostic","message":"expected value, found struct variant `crate::errors::SchemaError::InvalidField`","code":{"code":"E0533","explanation":"An item which isn't a unit struct, a variant, nor a constant has been used as a\nmatch pattern.\n\nErroneous code example:\n\n```compile_fail,E0533\nstruct Tortoise;\n\nimpl Tortoise {\n    fn turtle(&self) -> u32 { 0 }\n}\n\nmatch 0u32 {\n    Tortoise::turtle => {} // Error!\n    _ => {}\n}\nif let Tortoise::turtle = 0u32 {} // Same error!\n```\n\nIf you want to match against a value returned by a method, you need to bind the\nvalue first:\n\n```\nstruct Tortoise;\n\nimpl Tortoise {\n    fn turtle(&self) -> u32 { 0 }\n}\n\nmatch 0u32 {\n    x if x == Tortoise.turtle() => {} // Bound into `x` then we compare it!\n    _ => {}\n}\n```\n"},"level":"error","spans":[{"file_name":"src/schema/mod.rs","byte_start":8865,"byte_end":8905,"line_start":317,"line_end":317,"column_start":24,"column_end":64,"is_primary":true,"text":[{"text":"            return Err(crate::errors::SchemaError::InvalidField(","highlight_start":24,"highlight_end":64}],"label":"not a value","suggested_replacement":null,"suggestion_applicability":null,"expansion":null}],"children":[{"message":"you might have meant to create a new value of the struct","code":null,"level":"help","spans":[{"file_name":"src/schema/mod.rs","byte_start":8905,"byte_end":9045,"line_start":317,"line_end":320,"column_start":64,"column_end":14,"is_primary":true,"text":[{"text":"            return Err(crate::errors::SchemaError::InvalidField(","highlight_start":64,"highlight_end":65},{"text":"                \"target_platforms\".to_string(),","highlight_start":1,"highlight_end":48},{"text":"                \"At least one target platform must be specified\".to_string()","highlight_start":1,"highlight_end":77},{"text":"            ));","highlight_start":1,"highlight_end":14}],"label":null,"suggested_replacement":" { field_name: /* value */, description: /* value */, suggestion: /* value */ }","suggestion_applicability":"HasPlaceholders","expansion":null}],"children":[],"rendered":null}],"rendered":"\u001b[1m\u001b[91merror[E0533]\u001b[0m\u001b[1m: expected value, found struct variant `crate::errors::SchemaError::InvalidField`\u001b[0m\n   \u001b[1m\u001b[94m--> \u001b[0msrc/schema/mod.rs:317:24\n    \u001b[1m\u001b[94m|\u001b[0m\n\u001b[1m\u001b[94m317\u001b[0m \u001b[1m\u001b[94m|\u001b[0m             return Err(crate::errors::SchemaError::InvalidField(\n    \u001b[1m\u001b[94m|\u001b[0m                        \u001b[1m\u001b[91m^^^^^^^^^^^^^^^^^^^^^^^^^^^^^^^^^^^^^^^^\u001b[0m \u001b[1m\u001b[91mnot a value\u001b[0m\n    \u001b[1m\u001b[94m|\u001b[0m\n\u001b[1m\u001b[96mhelp\u001b[0m: you might have meant to create a new value of the struct\n    \u001b[1m\u001b[94m|\u001b[0m\n\u001b[1m\u001b[94m317\u001b[0m \u001b[91m- \u001b[0m            return Err(crate::errors::SchemaError::InvalidField\u001b[91m(\u001b[0m\n\u001b[1m\u001b[94m318\u001b[0m \u001b[91m-                 \"target_platforms\".to_string(),\u001b[0m\n\u001b[1m\u001b[94m319\u001b[0m \u001b[91m-                 \"At least one target platform must be specified\".to_string()\u001b[0m\n\u001b[1m\u001b[94m320\u001b[0m \u001b[91m-             )\u001b[0m);\n\u001b[1m\u001b[94m317\u001b[0m \u001b[92m+ \u001b[0m            return Err(crate::errors::SchemaError::InvalidField\u001b[92m { field_name: /* value */, description: /* value */, suggestion: /* value */ }\u001b[0m);\n    \u001b[1m\u001b[94m|\u001b[0m\n\n"}
{"$message_type":"diagnostic","message":"expected value, found struct variant `crate::errors::SchemaError::InvalidField`","code":{"code":"E0533","explanation":"An item which isn't a unit struct, a variant, nor a constant has been used as a\nmatch pattern.\n\nErroneous code example:\n\n```compile_fail,E0533\nstruct Tortoise;\n\nimpl Tortoise {\n    fn turtle(&self) -> u32 { 0 }\n}\n\nmatch 0u32 {\n    Tortoise::turtle => {} // Error!\n    _ => {}\n}\nif let Tortoise::turtle = 0u32 {} // Same error!\n```\n\nIf you want to match against a value returned by a method, you need to bind the\nvalue first:\n\n```\nstruct Tortoise;\n\nimpl Tortoise {\n    fn turtle(&self) -> u32 { 0 }\n}\n\nmatch 0u32 {\n    x if x == Tortoise.turtle() => {} // Bound into `x` then we compare it!\n    _ => {}\n}\n```\n"},"level":"error","spans":[{"file_name":"src/schema/mod.rs","byte_start":9150,"byte_end":9190,"line_start":324,"line_end":324,"column_start":24,"column_end":64,"is_primary":true,"text":[{"text":"            return Err(crate::errors::SchemaError::InvalidField(","highlight_start":24,"highlight_end":64}],"label":"not a value","suggested_replacement":null,"suggestion_applicability":null,"expansion":null}],"children":[{"message":"you might have meant to create a new value of the struct","code":null,"level":"help","spans":[{"file_name":"src/schema/mod.rs","byte_start":9190,"byte_end":9315,"line_start":324,"line_end":327,"column_start":64,"column_end":14,"is_primary":true,"text":[{"text":"            return Err(crate::errors::SchemaError::InvalidField(","highlight_start":64,"highlight_end":65},{"text":"                \"target_fps\".to_string(),","highlight_start":1,"highlight_end":42},{"text":"                \"Target FPS must be between 1 and 1000\".to_string()","highlight_start":1,"highlight_end":68},{"text":"            ));","highlight_start":1,"highlight_end":14}],"label":null,"suggested_replacement":" { field_name: /* value */, description: /* value */, suggestion: /* value */ }","suggestion_applicability":"HasPlaceholders","expansion":null}],"children":[],"rendered":null}],"rendered":"\u001b[1m\u001b[91merror[E0533]\u001b[0m\u001b[1m: expected value, found struct variant `crate::errors::SchemaError::InvalidField`\u001b[0m\n   \u001b[1m\u001b[94m--> \u001b[0msrc/schema/mod.rs:324:24\n    \u001b[1m\u001b[94m|\u001b[0m\n\u001b[1m\u001b[94m324\u001b[0m \u001b[1m\u001b[94m|\u001b[0m             return Err(crate::errors::SchemaError::InvalidField(\n    \u001b[1m\u001b[94m|\u001b[0m                        \u001b[1m\u001b[91m^^^^^^^^^^^^^^^^^^^^^^^^^^^^^^^^^^^^^^^^\u001b[0m \u001b[1m\u001b[91mnot a value\u001b[0m\n    \u001b[1m\u001b[94m|\u001b[0m\n\u001b[1m\u001b[96mhelp\u001b[0m: you might have meant to create a new value of the struct\n    \u001b[1m\u001b[94m|\u001b[0m\n\u001b[1m\u001b[94m324\u001b[0m \u001b[91m- \u001b[0m            return Err(crate::errors::SchemaError::InvalidField\u001b[91m(\u001b[0m\n\u001b[1m\u001b[94m325\u001b[0m \u001b[91m-                 \"target_fps\".to_string(),\u001b[0m\n\u001b[1m\u001b[94m326\u001b[0m \u001b[91m-                 \"Target FPS must be between 1 and 1000\".to_string()\u001b[0m\n\u001b[1m\u001b[94m327\u001b[0m \u001b[91m-             )\u001b[0m);\n\u001b[1m\u001b[94m324\u001b[0m \u001b[92m+ \u001b[0m            return Err(crate::errors::SchemaError::InvalidField\u001b[92m { field_name: /* value */, description: /* value */, suggestion: /* value */ }\u001b[0m);\n    \u001b[1m\u001b[94m|\u001b[0m\n\n"}
{"$message_type":"diagnostic","message":"expected value, found struct variant `crate::errors::SchemaError::InvalidField`","code":{"code":"E0533","explanation":"An item which isn't a unit struct, a variant, nor a constant has been used as a\nmatch pattern.\n\nErroneous code example:\n\n```compile_fail,E0533\nstruct Tortoise;\n\nimpl Tortoise {\n    fn turtle(&self) -> u32 { 0 }\n}\n\nmatch 0u32 {\n    Tortoise::turtle => {} // Error!\n    _ => {}\n}\nif let Tortoise::turtle = 0u32 {} // Same error!\n```\n\nIf you want to match against a value returned by a method, you need to bind the\nvalue first:\n\n```\nstruct Tortoise;\n\nimpl Tortoise {\n    fn turtle(&self) -> u32 { 0 }\n}\n\nmatch 0u32 {\n    x if x == Tortoise.turtle() => {} // Bound into `x` then we compare it!\n    _ => {}\n}\n```\n"},"level":"error","spans":[{"file_name":"src/schema/mod.rs","byte_start":9424,"byte_end":9464,"line_start":331,"line_end":331,"column_start":24,"column_end":64,"is_primary":true,"text":[{"text":"            return Err(crate::errors::SchemaError::InvalidField(","highlight_start":24,"highlight_end":64}],"label":"not a value","suggested_replacement":null,"suggestion_applicability":null,"expansion":null}],"children":[{"message":"you might have meant to create a new value of the struct","code":null,"level":"help","spans":[{"file_name":"src/schema/mod.rs","byte_start":9464,"byte_end":9594,"line_start":331,"line_end":334,"column_start":64,"column_end":14,"is_primary":true,"text":[{"text":"            return Err(crate::errors::SchemaError::InvalidField(","highlight_start":64,"highlight_end":65},{"text":"                \"time_scale\".to_string(),","highlight_start":1,"highlight_end":42},{"text":"                \"Time scale must be positive and reasonable\".to_string()","highlight_start":1,"highlight_end":73},{"text":"            ));","highlight_start":1,"highlight_end":14}],"label":null,"suggested_replacement":" { field_name: /* value */, description: /* value */, suggestion: /* value */ }","suggestion_applicability":"HasPlaceholders","expansion":null}],"children":[],"rendered":null}],"rendered":"\u001b[1m\u001b[91merror[E0533]\u001b[0m\u001b[1m: expected value, found struct variant `crate::errors::SchemaError::InvalidField`\u001b[0m\n   \u001b[1m\u001b[94m--> \u001b[0msrc/schema/mod.rs:331:24\n    \u001b[1m\u001b[94m|\u001b[0m\n\u001b[1m\u001b[94m331\u001b[0m \u001b[1m\u001b[94m|\u001b[0m             return Err(crate::errors::SchemaError::InvalidField(\n    \u001b[1m\u001b[94m|\u001b[0m                        \u001b[1m\u001b[91m^^^^^^^^^^^^^^^^^^^^^^^^^^^^^^^^^^^^^^^^\u001b[0m \u001b[1m\u001b[91mnot a value\u001b[0m\n    \u001b[1m\u001b[94m|\u001b[0m\n\u001b[1m\u001b[96mhelp\u001b[0m: you might have meant to create a new value of the struct\n    \u001b[1m\u001b[94m|\u001b[0m\n\u001b[1m\u001b[94m331\u001b[0m \u001b[91m- \u001b[0m            return Err(crate::errors::SchemaError::InvalidField\u001b[91m(\u001b[0m\n\u001b[1m\u001b[94m332\u001b[0m \u001b[91m-                 \"time_scale\".to_string(),\u001b[0m\n\u001b[1m\u001b[94m333\u001b[0m \u001b[91m-                 \"Time scale must be positive and reasonable\".to_string()\u001b[0m\n\u001b[1m\u001b[94m334\u001b[0m \u001b[91m-             )\u001b[0m);\n\u001b[1m\u001b[94m331\u001b[0m \u001b[92m+ \u001b[0m            return Err(crate::errors::SchemaError::InvalidField\u001b[92m { field_name: /* value */, description: /* value */, suggestion: /* value */ }\u001b[0m);\n    \u001b[1m\u001b[94m|\u001b[0m\n\n"}
{"$message_type":"diagnostic","message":"type annotations needed","code":{"code":"E0282","explanation":"The compiler could not infer a type and asked for a type annotation.\n\nErroneous code example:\n\n```compile_fail,E0282\nlet x = Vec::new();\n```\n\nThis error indicates that type inference did not result in one unique possible\ntype, and extra information is required. In most cases this can be provided\nby adding a type annotation. Sometimes you need to specify a generic type\nparameter manually.\n\nIn the example above, type `Vec` has a type parameter `T`. When calling\n`Vec::new`, barring any other later usage of the variable `x` that allows the\ncompiler to infer what type `T` is, the compiler needs to be told what it is.\n\nThe type can be specified on the variable:\n\n```\nlet x: Vec<i32> = Vec::new();\n```\n\nThe type can also be specified in the path of the expression:\n\n```\nlet x = Vec::<i32>::new();\n```\n\nIn cases with more complex types, it is not necessary to annotate the full\ntype. Once the ambiguity is resolved, the compiler can infer the rest:\n\n```\nlet x: Vec<_> = \"hello\".chars().rev().collect();\n```\n\nAnother way to provide the compiler with enough information, is to specify the\ngeneric type parameter:\n\n```\nlet x = \"hello\".chars().rev().collect::<Vec<char>>();\n```\n\nAgain, you need not specify the full type if the compiler can infer it:\n\n```\nlet x = \"hello\".chars().rev().collect::<Vec<_>>();\n```\n\nApart from a method or function with a generic type parameter, this error can\noccur when a type parameter of a struct or trait cannot be inferred. In that\ncase it is not always possible to use a type annotation, because all candidates\nhave the same return type. For instance:\n\n```compile_fail,E0282\nstruct Foo<T> {\n    num: T,\n}\n\nimpl<T> Foo<T> {\n    fn bar() -> i32 {\n        0\n    }\n\n    fn baz() {\n        let number = Foo::bar();\n    }\n}\n```\n\nThis will fail because the compiler does not know which instance of `Foo` to\ncall `bar` on. Change `Foo::bar()` to `Foo::<T>::bar()` to resolve the error.\n"},"level":"error","spans":[{"file_name":"src/serialization/mod.rs","byte_start":4129,"byte_end":4136,"line_start":122,"line_end":122,"column_start":29,"column_end":36,"is_primary":false,"text":[{"text":"        .and_then(|wrapped| wrapped.validate())","highlight_start":29,"highlight_end":36}],"label":"type must be known at this point","suggested_replacement":null,"suggestion_applicability":null,"expansion":null},{"file_name":"src/serialization/mod.rs","byte_start":4120,"byte_end":4127,"line_start":122,"line_end":122,"column_start":20,"column_end":27,"is_primary":true,"text":[{"text":"        .and_then(|wrapped| wrapped.validate())","highlight_start":20,"highlight_end":27}],"label":null,"suggested_replacement":null,"suggestion_applicability":null,"expansion":null}],"children":[{"message":"consider giving this closure parameter an explicit type","code":null,"level":"help","spans":[{"file_name":"src/serialization/mod.rs","byte_start":4127,"byte_end":4127,"line_start":122,"line_end":122,"column_start":27,"column_end":27,"is_primary":true,"text":[{"text":"        .and_then(|wrapped| wrapped.validate())","highlight_start":27,"highlight_end":27}],"label":null,"suggested_replacement":": /* Type */","suggestion_applicability":"HasPlaceholders","expansion":null}],"children":[],"rendered":null}],"rendered":"\u001b[1m\u001b[91merror[E0282]\u001b[0m\u001b[1m: type annotations needed\u001b[0m\n   \u001b[1m\u001b[94m--> \u001b[0msrc/serialization/mod.rs:122:20\n    \u001b[1m\u001b[94m|\u001b[0m\n\u001b[1m\u001b[94m122\u001b[0m \u001b[1m\u001b[94m|\u001b[0m         .and_then(|wrapped| wrapped.validate())\n    \u001b[1m\u001b[94m|\u001b[0m                    \u001b[1m\u001b[91m^^^^^^^\u001b[0m  \u001b[1m\u001b[94m-------\u001b[0m \u001b[1m\u001b[94mtype must be known at this point\u001b[0m\n    \u001b[1m\u001b[94m|\u001b[0m\n\u001b[1m\u001b[96mhelp\u001b[0m: consider giving this closure parameter an explicit type\n    \u001b[1m\u001b[94m|\u001b[0m\n\u001b[1m\u001b[94m122\u001b[0m \u001b[1m\u001b[94m| \u001b[0m        .and_then(|wrapped\u001b[92m: /* Type */\u001b[0m| wrapped.validate())\n    \u001b[1m\u001b[94m|\u001b[0m                           \u001b[92m++++++++++++\u001b[0m\n\n"}
{"$message_type":"diagnostic","message":"unused variable: `now`","code":{"code":"unused_variables","explanation":null},"level":"warning","spans":[{"file_name":"src/schema/mod.rs","byte_start":10729,"byte_end":10732,"line_start":381,"line_end":381,"column_start":13,"column_end":16,"is_primary":true,"text":[{"text":"        let now = chrono::Utc::now();","highlight_start":13,"highlight_end":16}],"label":null,"suggested_replacement":null,"suggestion_applicability":null,"expansion":null}],"children":[{"message":"`#[warn(unused_variables)]` (part of `#[warn(unused)]`) on by default","code":null,"level":"note","spans":[],"children":[],"rendered":null},{"message":"if this is intentional, prefix it with an underscore","code":null,"level":"help","spans":[{"file_name":"src/schema/mod.rs","byte_start":10729,"byte_end":10732,"line_start":381,"line_end":381,"column_start":13,"column_end":16,"is_primary":true,"text":[{"text":"        let now = chrono::Utc::now();","highlight_start":13,"highlight_end":16}],"label":null,"suggested_replacement":"_now","suggestion_applicability":"MachineApplicable","expansion":null}],"children":[],"rendered":null}],"rendered":"\u001b[1m\u001b[33mwarning\u001b[0m\u001b[1m: unused variable: `now`\u001b[0m\n   \u001b[1m\u001b[94m--> \u001b[0msrc/schema/mod.rs:381:13\n    \u001b[1m\u001b[94m|\u001b[0m\n\u001b[1m\u001b[94m381\u001b[0m \u001b[1m\u001b[94m|\u001b[0m         let now = chrono::Utc::now();\n    \u001b[1m\u001b[94m|\u001b[0m             \u001b[1m\u001b[33m^^^\u001b[0m \u001b[1m\u001b[33mhelp: if this is intentional, prefix it with an underscore: `_now`\u001b[0m\n    \u001b[1m\u001b[94m|\u001b[0m\n    \u001b[1m\u001b[94m= \u001b[0m\u001b[1mnote\u001b[0m: `#[warn(unused_variables)]` (part of `#[warn(unused)]`) on by default\n\n"}
{"$message_type":"diagnostic","message":"variable does not need to be mutable","code":{"code":"unused_mut","explanation":null},"level":"warning","spans":[{"file_name":"src/schema/mod.rs","byte_start":17644,"byte_end":17652,"line_start":624,"line_end":624,"column_start":18,"column_end":26,"is_primary":true,"text":[{"text":"    pub fn build(mut self) -> Result<GameDNA, crate::errors::SchemaError> {","highlight_start":18,"highlight_end":26}],"label":null,"suggested_replacement":null,"suggestion_applicability":null,"expansion":null}],"children":[{"message":"`#[warn(unused_mut)]` (part of `#[warn(unused)]`) on by default","code":null,"level":"note","spans":[],"children":[],"rendered":null},{"message":"remove this `mut`","code":null,"level":"help","spans":[{"file_name":"src/schema/mod.rs","byte_start":17644,"byte_end":17648,"line_start":624,"line_end":624,"column_start":18,"column_end":22,"is_primary":true,"text":[{"text":"    pub fn build(mut self) -> Result<GameDNA, crate::errors::SchemaError> {","highlight_start":18,"highlight_end":22}],"label":null,"suggested_replacement":"","suggestion_applicability":"MachineApplicable","expansion":null}],"children":[],"rendered":null}],"rendered":"\u001b[1m\u001b[33mwarning\u001b[0m\u001b[1m: variable does not need to be mutable\u001b[0m\n   \u001b[1m\u001b[94m--> \u001b[0msrc/schema/mod.rs:624:18\n    \u001b[1m\u001b[94m|\u001b[0m\n\u001b[1m\u001b[94m624\u001b[0m \u001b[1m\u001b[94m|\u001b[0m     pub fn build(mut self) -> Result<GameDNA, crate::errors::SchemaErro\u001b[1m\u001b[94m...\u001b[0m\n    \u001b[1m\u001b[94m|\u001b[0m                  \u001b[1m\u001b[94m----\u001b[0m\u001b[1m\u001b[33m^^^^\u001b[0m\n    \u001b[1m\u001b[94m|\u001b[0m                  \u001b[1m\u001b[94m|\u001b[0m\n    \u001b[1m\u001b[94m|\u001b[0m                  \u001b[1m\u001b[94mhelp: remove this `mut`\u001b[0m\n    \u001b[1m\u001b[94m|\u001b[0m\n    \u001b[1m\u001b[94m= \u001b[0m\u001b[1mnote\u001b[0m: `#[warn(unused_mut)]` (part of `#[warn(unused)]`) on by default\n\n"}
{"$message_type":"diagnostic","message":"aborting due to 29 previous errors; 2 warnings emitted","code":null,"level":"error","spans":[],"children":[],"rendered":"\u001b[1m\u001b[91merror\u001b[0m\u001b[1m: aborting due to 29 previous errors; 2 warnings emitted\u001b[0m\n\n"}
{"$message_type":"diagnostic","message":"Some errors have detailed explanations: E0276, E0282, E0407, E0412, E0425, E0433, E0533, E0599.","code":null,"level":"failure-note","spans":[],"children":[],"rendered":"\u001b[1mSome errors have detailed explanations: E0276, E0282, E0407, E0412, E0425, E0433, E0533, E0599.\u001b[0m\n"}
{"$message_type":"diagnostic","message":"For more information about an error, try `rustc --explain E0276`.","code":null,"level":"failure-note","spans":[],"children":[],"rendered":"\u001b[1mFor more information about an error, try `rustc --explain E0276`.\u001b[0m\n"}
